2021-07-22 15:47:25,979 --------------------------------------------------------------------------------
2021-07-22 15:47:25,980 Working directory:
2021-07-22 15:47:25,981   /
2021-07-22 15:47:25,981    tmp/
2021-07-22 15:47:25,981     DisplayCAL-fBNR5r/
2021-07-22 15:47:25,982 
2021-07-22 15:47:25,982 Command line:
2021-07-22 15:47:25,982   /usr/bin/dispcal
2021-07-22 15:47:25,982     -v2
2021-07-22 15:47:25,983     -d2
2021-07-22 15:47:25,983     -c1
2021-07-22 15:47:25,983     -yn
2021-07-22 15:47:25,983     -P0.181943171402,0.500941619586,1.0
2021-07-22 15:47:25,984     -ql
2021-07-22 15:47:25,984     -t
2021-07-22 15:47:25,984     -g2.2
2021-07-22 15:47:25,984     -f1.0
2021-07-22 15:47:25,985     -k0
2021-07-22 15:47:25,985     -A4.0
2021-07-22 15:47:25,985     -b
2021-07-22 15:47:25,985     'U2719D #2 2021-07-22 15-47 2.2 F-S XYZLUT+MTX'
2021-07-22 15:47:25,986 
2021-07-22 15:47:25,993 DisplayCAL: Starting interaction with subprocess
2021-07-22 15:47:29,590 Setting up the instrument
2021-07-22 15:47:30,448 Product Name:      Colormunki Display
2021-07-22 15:47:30,448 Serial Number:     CM-16.A-02.174532.01
2021-07-22 15:47:30,448 Firmware Version:  v1.03
2021-07-22 15:47:30,449 Firmware Date:     05Jun12
2021-07-22 15:47:30,450 dispcal: Warning - new_dispwin: Expected VideoLUT depth 8 doesn't match actual 10
2021-07-22 15:47:30,722 Place instrument on test window.
2021-07-22 15:47:30,724 DisplayCAL: Waiting for send buffer
2021-07-22 15:47:30,724 DisplayCAL: Detected instrument placement (screen/spot) message
2021-07-22 15:47:32,225 DisplayCAL: Skipping place instrument on screen message...
2021-07-22 15:47:32,230 DisplayCAL: Sending buffer: ' '
2021-07-22 15:47:32,282 Hit Esc or Q to give up, any other key to continue:
2021-07-22 15:47:32,282 Display type is 'n'
2021-07-22 15:47:32,282 Target white = native white point
2021-07-22 15:47:32,283 Target white brightness = native brightness
2021-07-22 15:47:32,283 Target black brightness = native brightness
2021-07-22 15:47:32,283 Black point device hack is enabled
2021-07-22 15:47:32,284 Target advertised gamma = 2.200000
2021-07-22 15:47:32,284 
2021-07-22 15:47:32,284 Display adjustment menu:
2021-07-22 15:47:32,285 Press 1 .. 7
2021-07-22 15:47:32,285 1) Black level (CRT: Offset/Brightness)
2021-07-22 15:47:32,285 2) White point (Color temperature, R,G,B, Gain/Contrast)
2021-07-22 15:47:32,285 3) White level (CRT: Gain/Contrast, LCD: Brightness/Backlight)
2021-07-22 15:47:32,286 4) Black point (R,G,B, Offset/Brightness)
2021-07-22 15:47:32,286 5) Check all
2021-07-22 15:47:32,286 6) Measure and set ambient for viewing condition adjustment
2021-07-22 15:47:32,286 7) Continue on to calibration
2021-07-22 15:47:32,292 8) Exit
2021-07-22 15:47:32,293 DisplayCAL: Waiting for send buffer
2021-07-22 15:47:34,247 DisplayCAL: Sending buffer: '2'
2021-07-22 15:47:34,298 Doing some initial measurements
2021-07-22 15:47:42,810 Red   = XYZ 85.068 44.403  2.598
2021-07-22 15:47:42,811 Green = XYZ 78.218 154.363 27.427
2021-07-22 15:47:42,811 Blue  = XYZ 39.012 15.234 210.761
2021-07-22 15:47:44,390 White = XYZ 202.569 213.836 241.051
2021-07-22 15:47:44,390 
2021-07-22 15:47:44,390 Adjust R,G & B gain to desired white point. Press space when done.
2021-07-22 15:47:44,392   Initial Br 213.84, x 0.3081 , y 0.3252 , VDT 6773K DE 2K  0.6
2021-07-22 15:48:11,713 DisplayCAL: Sending buffer: ' '
2021-07-22 15:48:11,927 / Current Br 213.84, x 0.3081+, y 0.3251-  VDT 6779K DE 2K  0.5  R+  G-- B+
2021-07-22 15:48:11,927 
2021-07-22 15:48:11,927 Press 1 .. 7
2021-07-22 15:48:11,928 1) Black level (CRT: Offset/Brightness)
2021-07-22 15:48:11,928 2) White point (Color temperature, R,G,B, Gain/Contrast)
2021-07-22 15:48:11,928 3) White level (CRT: Gain/Contrast, LCD: Brightness/Backlight)
2021-07-22 15:48:11,929 4) Black point (R,G,B, Offset/Brightness)
2021-07-22 15:48:11,929 5) Check all
2021-07-22 15:48:11,929 6) Measure and set ambient for viewing condition adjustment
2021-07-22 15:48:11,930 7) Continue on to calibration
2021-07-22 15:48:11,930 8) Exit
2021-07-22 15:48:11,932 DisplayCAL: Waiting for send buffer
2021-07-22 15:48:15,037 DisplayCAL: Sending buffer: '7'
2021-07-22 15:48:15,087 Commencing display calibration
2021-07-22 15:48:49,285 Patch 9 of 9
2021-07-22 15:48:49,285 Black = XYZ 0.1948 0.2004 0.3512
2021-07-22 15:48:49,285 Red   = XYZ 85.069 44.403  2.602
2021-07-22 15:48:49,285 Green = XYZ 78.173 154.405 27.458
2021-07-22 15:48:49,286 Blue  = XYZ 39.091 15.238 211.123
2021-07-22 15:48:49,286 White = XYZ 202.565 213.822 241.233
2021-07-22 15:51:52,044 Patch 48 of 48
2021-07-22 15:51:52,165 
2021-07-22 15:51:52,165 Initial native brightness target = 213.821938 cd/m^2
2021-07-22 15:51:52,165 Target white value is XYZ 202.564611 213.821938 241.232806 [xy 0.308027 0.325145]
2021-07-22 15:51:52,165 Adjusted target black XYZ 0.1948 0.2004 0.3512, Lab 0.847 0.096 -0.807
2021-07-22 15:51:52,165 Target black after min adjust: XYZ 0.1948 0.2004 0.3512, Lab 0.847 0.096 -0.807
2021-07-22 15:51:52,166 Gamma curve input offset = 0.000000, output offset = 0.000937, power = 2.204874
2021-07-22 15:51:52,166 Total Iteration 2, Final Samples = 32 Final Repeat threshold = 0.900000
2021-07-22 15:51:52,167 Creating initial calibration curves...
2021-07-22 15:51:52,213 
2021-07-22 15:51:52,213 Doing iteration 1/2 with 16 sample points and repeat threshold of 1.272792 DE
2021-07-22 15:51:53,508 Patch 1 of 16 DE 0.000000, W.DE 0.000000, OK ( < 1.272792)
2021-07-22 15:51:54,929 Patch 2 of 16 DE 1.925657, W.DE 1.925657, Repeat
2021-07-22 15:51:56,422 Patch 2 of 16 DE 0.162788, W.DE 0.162788, OK ( < 1.272792)
2021-07-22 15:51:57,832 Patch 3 of 16 DE 2.252505, W.DE 2.252505, Repeat
2021-07-22 15:51:59,289 Patch 3 of 16 DE 0.243649, W.DE 0.243649, OK ( < 1.272792)
2021-07-22 15:52:00,715 Patch 4 of 16 DE 1.759730, W.DE 1.759730, Repeat
2021-07-22 15:52:02,159 Patch 4 of 16 DE 0.092449, W.DE 0.092449, OK ( < 1.272792)
2021-07-22 15:52:03,567 Patch 5 of 16 DE 1.966846, W.DE 1.966846, Repeat
2021-07-22 15:52:05,031 Patch 5 of 16 DE 0.161503, W.DE 0.161503, OK ( < 1.272792)
2021-07-22 15:52:06,470 Patch 6 of 16 DE 1.370323, W.DE 1.370323, Repeat
2021-07-22 15:52:07,905 Patch 6 of 16 DE 0.247412, W.DE 0.247412, OK ( < 1.272792)
2021-07-22 15:52:09,320 Patch 7 of 16 DE 1.403951, W.DE 1.403951, Repeat
2021-07-22 15:52:10,768 Patch 7 of 16 DE 0.394748, W.DE 0.394748, OK ( < 1.272792)
2021-07-22 15:52:13,323 Patch 8 of 16 DE 1.619163, W.DE 1.619163, Repeat
2021-07-22 15:52:15,896 Patch 8 of 16 DE 0.365476, W.DE 0.365476, OK ( < 1.272792)
2021-07-22 15:52:18,548 Patch 9 of 16 DE 1.740960, W.DE 1.740960, Repeat
2021-07-22 15:52:21,173 Patch 9 of 16 DE 0.202510, W.DE 0.202510, OK ( < 1.272792)
2021-07-22 15:52:23,868 Patch 10 of 16 DE 0.997245, W.DE 0.997245, OK ( < 1.272792)
2021-07-22 15:52:26,716 Patch 11 of 16 DE 0.998287, W.DE 0.998287, OK ( < 1.272792)
2021-07-22 15:52:29,872 Patch 12 of 16 DE 1.325089, W.DE 1.325089, Repeat
2021-07-22 15:52:32,954 Patch 12 of 16 DE 0.304248, W.DE 0.304248, OK ( < 1.272792)
2021-07-22 15:52:37,512 Patch 13 of 16 DE 0.657532, W.DE 0.657532, OK ( < 1.272792)
2021-07-22 15:52:42,634 Patch 14 of 16 DE 0.152854, W.DE 0.153612, OK ( < 1.272792)
2021-07-22 15:52:47,978 Patch 15 of 16 DE 0.174223, W.DE 47.481512, Repeat
2021-07-22 15:52:53,360 Patch 15 of 16 DE 0.065233, W.DE 0.065233, OK ( < 1.272792)
2021-07-22 15:52:58,749 Patch 16 of 16 DE 0.095330, W.DE 95.329618, Repeat
2021-07-22 15:53:04,242 Patch 16 of 16 DE 0.043087, W.DE 43.087470, Repeat
2021-07-22 15:53:25,329 Patch 16 of 16 DE 0.037324, W.DE 37.323689, Repeat
2021-07-22 15:53:30,799 Patch 16 of 16 DE 0.030340, W.DE 30.340211, Repeat
2021-07-22 15:53:36,196 Patch 16 of 16 DE 0.026960, W.DE 26.960417, Repeat
2021-07-22 15:53:41,615 Patch 16 of 16 DE 0.022357, W.DE 22.357312, Repeat
2021-07-22 15:53:47,015 Patch 16 of 16 DE 0.000750, W.DE 0.749592, OK ( < 1.272792)
2021-07-22 15:53:47,015 
2021-07-22 15:53:47,015 Brightness error = 0.000000 cd/m^2 (is 213.838793, should be 213.838793)
2021-07-22 15:53:47,015 White point error = 0.000000 deltaE
2021-07-22 15:53:47,015 Maximum neutral error (@ 0.172427) = 0.998461 deltaE
2021-07-22 15:53:47,015 Average neutral error = 0.315366 deltaE
2021-07-22 15:53:47,015 Number of measurements taken = 35
2021-07-22 15:53:47,016 Computing update to calibration curves...
2021-07-22 15:53:47,024 
2021-07-22 15:53:47,024 Doing iteration 2/2 with 32 sample points and repeat threshold of 0.900000 DE
2021-07-22 15:53:48,608 Patch 1 of 32 DE 0.000000, W.DE 0.000000, W.peqDE 0.000000, OK ( < 0.900000)
2021-07-22 15:53:50,036 Patch 2 of 32 DE 0.323011, W.DE 0.323011, W.peqDE 0.323009, OK ( < 0.900000)
2021-07-22 15:53:51,438 Patch 3 of 32 DE 0.269103, W.DE 0.269103, W.peqDE 0.070869, OK ( < 0.900000)
2021-07-22 15:53:52,839 Patch 4 of 32 DE 0.112172, W.DE 0.112172, W.peqDE 0.254148, OK ( < 0.900000)
2021-07-22 15:53:54,273 Patch 5 of 32 DE 0.161176, W.DE 0.161176, W.peqDE 0.186443, OK ( < 0.900000)
2021-07-22 15:53:55,690 Patch 6 of 32 DE 0.184888, W.DE 0.184888, W.peqDE 0.219798, OK ( < 0.900000)
2021-07-22 15:53:57,107 Patch 7 of 32 DE 0.159924, W.DE 0.159924, W.peqDE 0.154313, OK ( < 0.900000)
2021-07-22 15:53:58,525 Patch 8 of 32 DE 0.150496, W.DE 0.150496, W.peqDE 0.071898, OK ( < 0.900000)
2021-07-22 15:53:59,943 Patch 9 of 32 DE 0.229752, W.DE 0.229752, W.peqDE 0.245520, OK ( < 0.900000)
2021-07-22 15:54:01,360 Patch 10 of 32 DE 0.220846, W.DE 0.220846, W.peqDE 0.200096, OK ( < 0.900000)
2021-07-22 15:54:02,778 Patch 11 of 32 DE 0.172163, W.DE 0.172163, W.peqDE 0.161328, OK ( < 0.900000)
2021-07-22 15:54:04,180 Patch 12 of 32 DE 0.278074, W.DE 0.278074, W.peqDE 0.154561, OK ( < 0.900000)
2021-07-22 15:54:05,582 Patch 13 of 32 DE 0.213105, W.DE 0.213105, W.peqDE 0.118162, OK ( < 0.900000)
2021-07-22 15:54:08,085 Patch 14 of 32 DE 0.225410, W.DE 0.225410, W.peqDE 0.131253, OK ( < 0.900000)
2021-07-22 15:54:10,591 Patch 15 of 32 DE 0.322994, W.DE 0.322994, W.peqDE 0.194852, OK ( < 0.900000)
2021-07-22 15:54:13,118 Patch 16 of 32 DE 0.301007, W.DE 0.301007, W.peqDE 0.128342, OK ( < 0.900000)
2021-07-22 15:54:15,667 Patch 17 of 32 DE 0.226693, W.DE 0.226693, W.peqDE 0.142926, OK ( < 0.900000)
2021-07-22 15:54:18,260 Patch 18 of 32 DE 0.380501, W.DE 0.380501, W.peqDE 0.384955, OK ( < 0.900000)
2021-07-22 15:54:20,926 Patch 19 of 32 DE 0.768637, W.DE 0.768637, W.peqDE 0.781690, OK ( < 0.900000)
2021-07-22 15:54:23,624 Patch 20 of 32 DE 1.010415, W.DE 1.010415, peqDE 0.848596, Repeat
2021-07-22 15:54:26,319 Patch 20 of 32 DE 0.242277, W.DE 0.242277, W.peqDE 0.614320, OK ( < 0.900000)
2021-07-22 15:54:29,117 Patch 21 of 32 DE 1.089274, W.DE 1.089274, peqDE 1.123661, Repeat
2021-07-22 15:54:31,908 Patch 21 of 32 DE 0.204875, W.DE 0.204875, W.peqDE 0.246702, OK ( < 0.900000)
2021-07-22 15:54:34,776 Patch 22 of 32 DE 1.038119, W.DE 1.038119, peqDE 1.004087, Repeat
2021-07-22 15:54:37,628 Patch 22 of 32 DE 0.184075, W.DE 0.184075, W.peqDE 0.187172, OK ( < 0.900000)
2021-07-22 15:54:40,611 Patch 23 of 32 DE 0.833505, W.DE 0.833505, W.peqDE 0.758112, OK ( < 0.900000)
2021-07-22 15:54:43,740 Patch 24 of 32 DE 0.573750, W.DE 0.573750, W.peqDE 0.585013, OK ( < 0.900000)
2021-07-22 15:54:47,985 Patch 25 of 32 DE 0.439631, W.DE 0.439631, W.peqDE 0.397773, OK ( < 0.900000)
2021-07-22 15:54:52,432 Patch 26 of 32 DE 0.213738, W.DE 0.213738, W.peqDE 0.063138, OK ( < 0.652785)
2021-07-22 15:54:57,031 Patch 27 of 32 DE 0.469832, W.DE 0.469832, peqDE 0.461675, Repeat
2021-07-22 15:55:01,737 Patch 27 of 32 DE 0.184849, W.DE 0.184849, W.peqDE 0.229019, OK ( < 0.394487)
2021-07-22 15:55:06,564 Patch 28 of 32 DE 0.582264, W.DE 2.538854, peqDE 2.534913, Repeat
2021-07-22 15:55:11,496 Patch 28 of 32 DE 0.193120, W.DE 0.795836, peqDE 0.826032, Repeat
2021-07-22 15:55:16,514 Patch 28 of 32 DE 0.068004, W.DE 0.132668, W.peqDE 0.152107, OK ( < 0.250000)
2021-07-22 15:55:21,462 Patch 29 of 32 DE 0.470940, W.DE 34.338322, peqDE 34.338299, Repeat
2021-07-22 15:55:26,710 Patch 29 of 32 DE 0.133319, W.DE 9.967482, peqDE 9.968037, Repeat
2021-07-22 15:55:31,945 Patch 29 of 32 DE 0.074193, W.DE 2.388607, peqDE 2.393593, Repeat
2021-07-22 15:55:37,191 Patch 29 of 32 DE 0.039257, W.DE 0.631728, peqDE 0.645703, Repeat
2021-07-22 15:55:42,455 Patch 29 of 32 DE 0.028885, W.DE 0.390794, peqDE 0.411104, Repeat
2021-07-22 15:56:03,056 Patch 29 of 32 DE 0.016543, W.DE 0.371630, peqDE 0.389257, Repeat
2021-07-22 15:56:08,411 Patch 29 of 32 DE 0.002838, W.DE 0.002838, W.peqDE 0.101903, OK ( < 0.250000)
2021-07-22 15:56:13,592 Patch 30 of 32 DE 0.284587, W.DE 86.155880, peqDE 86.155876, Repeat
2021-07-22 15:56:18,982 Patch 30 of 32 DE 0.095228, W.DE 29.349486, peqDE 29.349534, Repeat
2021-07-22 15:56:24,426 Patch 30 of 32 DE 0.047874, W.DE 0.047874, W.peqDE 0.066327, OK ( < 0.250000)
2021-07-22 15:56:29,821 Patch 31 of 32 DE 0.013803, W.DE 0.013803, W.peqDE 0.047158, OK ( < 0.250000)
2021-07-22 15:56:35,245 Patch 32 of 32 DE 0.000340, W.DE 0.000340, W.peqDE 0.000340, OK ( < 0.250000)
2021-07-22 15:56:35,245 
2021-07-22 15:56:35,246 Brightness error = 0.000000 cd/m^2 (is 213.837627, should be 213.837627)
2021-07-22 15:56:35,246 White point error = 0.000000 deltaE
2021-07-22 15:56:35,246 Maximum neutral error (@ 0.138232) = 0.832572 deltaE
2021-07-22 15:56:35,247 Average neutral error = 0.240783 deltaE
2021-07-22 15:56:35,247 Number of measurements taken = 49
2021-07-22 15:56:35,247 Computing update to calibration curves...
2021-07-22 15:56:35,268 The instrument can be removed from the screen.
2021-07-22 15:56:35,709 Written calibration file 'U2719D #2 2021-07-22 15-47 2.2 F-S XYZLUT+MTX.cal'
2021-07-22 15:56:35,711 DisplayCAL: Reached EOF (OK)
2021-07-22 15:56:35,812 dispcal exitcode: 0
2021-07-22 15:56:35,922 --------------------------------------------------------------------------------
2021-07-22 15:56:35,922 Working directory:
2021-07-22 15:56:35,922   /
2021-07-22 15:56:35,922    tmp/
2021-07-22 15:56:35,922     DisplayCAL-fBNR5r/
2021-07-22 15:56:35,922 
2021-07-22 15:56:35,923 Command line:
2021-07-22 15:56:35,923   /usr/bin/dispread
2021-07-22 15:56:35,923     -v
2021-07-22 15:56:35,923     -d2
2021-07-22 15:56:35,923     -c1
2021-07-22 15:56:35,923     -yn
2021-07-22 15:56:35,923     -P0.181943171402,0.500941619586,1.0
2021-07-22 15:56:35,924     -k
2021-07-22 15:56:35,924     'U2719D #2 2021-07-22 15-47 2.2 F-S XYZLUT+MTX.cal'
2021-07-22 15:56:35,924     'U2719D #2 2021-07-22 15-47 2.2 F-S XYZLUT+MTX'
2021-07-22 15:56:35,924 
2021-07-22 15:56:35,929 DisplayCAL: Starting interaction with subprocess
2021-07-22 15:56:39,510 Number of patches = 175
2021-07-22 15:56:39,511 Setting up the instrument
2021-07-22 15:56:40,370 Product Name:      Colormunki Display
2021-07-22 15:56:40,370 Serial Number:     CM-16.A-02.174532.01
2021-07-22 15:56:40,370 Firmware Version:  v1.03
2021-07-22 15:56:40,370 Firmware Date:     05Jun12
2021-07-22 15:56:40,372 dispread: Warning - new_dispwin: Expected VideoLUT depth 8 doesn't match actual 10
2021-07-22 15:56:40,611 Place instrument on test window.
2021-07-22 15:56:40,613 DisplayCAL: Waiting for send buffer
2021-07-22 15:56:40,613 DisplayCAL: Detected instrument placement (screen/spot) message
2021-07-22 15:56:42,115 DisplayCAL: Skipping place instrument on screen message...
2021-07-22 15:56:42,116 DisplayCAL: Sending buffer: ' '
2021-07-22 15:56:42,166 Hit Esc or Q to give up, any other key to continue:
2021-07-22 16:03:05,380 Patch 175 of 175
2021-07-22 16:03:05,381 The instrument can be removed from the screen.
2021-07-22 16:03:05,833 Written 'U2719D #2 2021-07-22 15-47 2.2 F-S XYZLUT+MTX.ti3'
2021-07-22 16:03:05,834 DisplayCAL: Reached EOF (OK)
2021-07-22 16:03:05,935 dispread exitcode: 0
2021-07-22 16:03:06,135 Preparing ChromaticityType tag from TI3 colorants
2021-07-22 16:03:06,140 Storing settings in TI3
2021-07-22 16:03:06,173 Extracting neutrals from /tmp/DisplayCAL-fBNR5r/U2719D #2 2021-07-22 15-47 2.2 F-S XYZLUT+MTX.ti3
2021-07-22 16:03:06,193 Applying 0% black point correction to TI3
2021-07-22 16:03:06,274 Extracting neutrals from /tmp/DisplayCAL-fBNR5r/U2719D #2 2021-07-22 15-47 2.2 F-S XYZLUT+MTX.ti3
2021-07-22 16:03:06,296 R=G=B (>= 1% luminance) dE*00 avg 0.266766538283 peak 0.661693102229
2021-07-22 16:03:06,296 Got high quality calibration, using single device to PCS shaper curve for cLUT
2021-07-22 16:03:06,799 Black relative luminance = 0.000937
2021-07-22 16:03:06,800 Black output offset = 1.00
2021-07-22 16:03:06,800 Calibration gamma = 2.20 relative
2021-07-22 16:03:06,800 Calibration overall transfer function ≈ Gamma 2.20 100% (Δ 0.00%)
2021-07-22 16:03:06,800 Calibration effective gamma = 2.20
2021-07-22 16:03:07,117 Transfer function R ≈ Gamma 2.20 100% (Δ 1.80%)
2021-07-22 16:03:07,118 Effective gamma = 2.20
2021-07-22 16:03:07,118 Got good match (+-2%)
2021-07-22 16:03:07,118 Using calibration transfer function
2021-07-22 16:03:07,421 Transfer function G ≈ Gamma 2.20 100% (Δ 1.80%)
2021-07-22 16:03:07,421 Effective gamma = 2.20
2021-07-22 16:03:07,421 Got good match (+-2%)
2021-07-22 16:03:07,421 Using calibration transfer function
2021-07-22 16:03:07,741 Transfer function B ≈ Gamma 2.20 100% (Δ 1.80%)
2021-07-22 16:03:07,741 Effective gamma = 2.20
2021-07-22 16:03:07,741 Got good match (+-2%)
2021-07-22 16:03:07,741 Using calibration transfer function
2021-07-22 16:03:08,100 Using transfer function for R: Gamma 2.20 100%
2021-07-22 16:03:08,101 Effective gamma = 2.20
2021-07-22 16:03:08,473 Using transfer function for G: Gamma 2.20 100%
2021-07-22 16:03:08,473 Effective gamma = 2.20
2021-07-22 16:03:08,781 Using transfer function for B: Gamma 2.20 100%
2021-07-22 16:03:08,783 Effective gamma = 2.20
2021-07-22 16:03:08,792 Initial cLUT resolution 5x5x5
2021-07-22 16:03:08,794 cLUT input curve segments: 5
2021-07-22 16:03:08,819 #1 X prev 0.045363 next 0.209138 clip False
2021-07-22 16:03:08,841 #2 X prev 0.209138 next 0.511319 clip False
2021-07-22 16:03:08,865 #3 X prev 0.511319 next 0.964200 clip False
2021-07-22 16:03:08,943 #1 Y prev 0.047047 next 0.216903 clip False
2021-07-22 16:03:08,965 #2 Y prev 0.216903 next 0.530304 clip False
2021-07-22 16:03:08,989 #3 Y prev 0.530304 next 1.000000 clip False
2021-07-22 16:03:09,068 #1 Z prev 0.038809 next 0.178923 clip False
2021-07-22 16:03:09,092 #2 Z prev 0.178923 next 0.437448 clip False
2021-07-22 16:03:09,116 #3 Z prev 0.437448 next 0.824900 clip False
2021-07-22 16:03:09,773 cLUT input curve segments: 33
2021-07-22 16:03:09,777 #1 X prev 0.000463 next 0.002134 clip False
2021-07-22 16:03:09,780 #2 X prev 0.002134 next 0.005218 clip False
2021-07-22 16:03:09,784 #3 X prev 0.005218 next 0.009839 clip False
2021-07-22 16:03:09,788 #4 X prev 0.009839 next 0.016093 clip False
2021-07-22 16:03:09,791 #5 X prev 0.016093 next 0.024056 clip False
2021-07-22 16:03:09,795 #6 X prev 0.024056 next 0.033793 clip False
2021-07-22 16:03:09,798 #7 X prev 0.033793 next 0.045363 clip False
2021-07-22 16:03:09,802 #8 X prev 0.045363 next 0.058814 clip False
2021-07-22 16:03:09,805 #9 X prev 0.058814 next 0.074195 clip False
2021-07-22 16:03:09,808 #10 X prev 0.074195 next 0.091546 clip False
2021-07-22 16:03:09,813 #11 X prev 0.091546 next 0.110907 clip False
2021-07-22 16:03:09,816 #12 X prev 0.110907 next 0.132313 clip False
2021-07-22 16:03:09,819 #13 X prev 0.132313 next 0.155800 clip False
2021-07-22 16:03:09,823 #14 X prev 0.155800 next 0.181398 clip False
2021-07-22 16:03:09,826 #15 X prev 0.181398 next 0.209138 clip False
2021-07-22 16:03:09,830 #16 X prev 0.209138 next 0.239048 clip False
2021-07-22 16:03:09,833 #17 X prev 0.239048 next 0.271155 clip False
2021-07-22 16:03:09,837 #18 X prev 0.271155 next 0.305485 clip False
2021-07-22 16:03:09,841 #19 X prev 0.305485 next 0.342064 clip False
2021-07-22 16:03:09,844 #20 X prev 0.342064 next 0.380914 clip False
2021-07-22 16:03:09,847 #21 X prev 0.380914 next 0.422059 clip False
2021-07-22 16:03:09,853 #22 X prev 0.422059 next 0.465520 clip False
2021-07-22 16:03:09,857 #23 X prev 0.465520 next 0.511319 clip False
2021-07-22 16:03:09,860 #24 X prev 0.511319 next 0.559477 clip False
2021-07-22 16:03:09,864 #25 X prev 0.559477 next 0.610012 clip False
2021-07-22 16:03:09,868 #26 X prev 0.610012 next 0.662945 clip False
2021-07-22 16:03:09,871 #27 X prev 0.662945 next 0.718293 clip False
2021-07-22 16:03:09,875 #28 X prev 0.718293 next 0.776076 clip False
2021-07-22 16:03:09,879 #29 X prev 0.776076 next 0.836310 clip False
2021-07-22 16:03:09,883 #30 X prev 0.836310 next 0.899012 clip False
2021-07-22 16:03:09,886 #31 X prev 0.899012 next 0.964200 clip False
2021-07-22 16:03:09,926 #1 Y prev 0.000480 next 0.002213 clip False
2021-07-22 16:03:09,929 #2 Y prev 0.002213 next 0.005412 clip False
2021-07-22 16:03:09,932 #3 Y prev 0.005412 next 0.010205 clip False
2021-07-22 16:03:09,937 #4 Y prev 0.010205 next 0.016691 clip False
2021-07-22 16:03:09,941 #5 Y prev 0.016691 next 0.024949 clip False
2021-07-22 16:03:09,945 #6 Y prev 0.024949 next 0.035048 clip False
2021-07-22 16:03:09,949 #7 Y prev 0.035048 next 0.047047 clip False
2021-07-22 16:03:09,953 #8 Y prev 0.047047 next 0.060998 clip False
2021-07-22 16:03:09,957 #9 Y prev 0.060998 next 0.076949 clip False
2021-07-22 16:03:09,960 #10 Y prev 0.076949 next 0.094945 clip False
2021-07-22 16:03:09,964 #11 Y prev 0.094945 next 0.115024 clip False
2021-07-22 16:03:09,967 #12 Y prev 0.115024 next 0.137226 clip False
2021-07-22 16:03:09,971 #13 Y prev 0.137226 next 0.161585 clip False
2021-07-22 16:03:09,974 #14 Y prev 0.161585 next 0.188133 clip False
2021-07-22 16:03:09,979 #15 Y prev 0.188133 next 0.216903 clip False
2021-07-22 16:03:09,982 #16 Y prev 0.216903 next 0.247923 clip False
2021-07-22 16:03:09,986 #17 Y prev 0.247923 next 0.281223 clip False
2021-07-22 16:03:09,989 #18 Y prev 0.281223 next 0.316828 clip False
2021-07-22 16:03:09,993 #19 Y prev 0.316828 next 0.354764 clip False
2021-07-22 16:03:09,996 #20 Y prev 0.354764 next 0.395057 clip False
2021-07-22 16:03:10,000 #21 Y prev 0.395057 next 0.437730 clip False
2021-07-22 16:03:10,004 #22 Y prev 0.437730 next 0.482805 clip False
2021-07-22 16:03:10,008 #23 Y prev 0.482805 next 0.530304 clip False
2021-07-22 16:03:10,011 #24 Y prev 0.530304 next 0.580250 clip False
2021-07-22 16:03:10,016 #25 Y prev 0.580250 next 0.632661 clip False
2021-07-22 16:03:10,021 #26 Y prev 0.632661 next 0.687559 clip False
2021-07-22 16:03:10,025 #27 Y prev 0.687559 next 0.744963 clip False
2021-07-22 16:03:10,028 #28 Y prev 0.744963 next 0.804891 clip False
2021-07-22 16:03:10,032 #29 Y prev 0.804891 next 0.867361 clip False
2021-07-22 16:03:10,035 #30 Y prev 0.867361 next 0.932392 clip False
2021-07-22 16:03:10,039 #31 Y prev 0.932392 next 1.000000 clip False
2021-07-22 16:03:10,077 #1 Z prev 0.000396 next 0.001826 clip False
2021-07-22 16:03:10,080 #2 Z prev 0.001826 next 0.004464 clip False
2021-07-22 16:03:10,084 #3 Z prev 0.004464 next 0.008418 clip False
2021-07-22 16:03:10,088 #4 Z prev 0.008418 next 0.013768 clip False
2021-07-22 16:03:10,092 #5 Z prev 0.013768 next 0.020581 clip False
2021-07-22 16:03:10,096 #6 Z prev 0.020581 next 0.028911 clip False
2021-07-22 16:03:10,099 #7 Z prev 0.028911 next 0.038809 clip False
2021-07-22 16:03:10,103 #8 Z prev 0.038809 next 0.050317 clip False
2021-07-22 16:03:10,107 #9 Z prev 0.050317 next 0.063476 clip False
2021-07-22 16:03:10,111 #10 Z prev 0.063476 next 0.078320 clip False
2021-07-22 16:03:10,114 #11 Z prev 0.078320 next 0.094884 clip False
2021-07-22 16:03:10,118 #12 Z prev 0.094884 next 0.113198 clip False
2021-07-22 16:03:10,121 #13 Z prev 0.113198 next 0.133291 clip False
2021-07-22 16:03:10,125 #14 Z prev 0.133291 next 0.155191 clip False
2021-07-22 16:03:10,128 #15 Z prev 0.155191 next 0.178923 clip False
2021-07-22 16:03:10,131 #16 Z prev 0.178923 next 0.204512 clip False
2021-07-22 16:03:10,135 #17 Z prev 0.204512 next 0.231981 clip False
2021-07-22 16:03:10,139 #18 Z prev 0.231981 next 0.261351 clip False
2021-07-22 16:03:10,142 #19 Z prev 0.261351 next 0.292645 clip False
2021-07-22 16:03:10,147 #20 Z prev 0.292645 next 0.325883 clip False
2021-07-22 16:03:10,151 #21 Z prev 0.325883 next 0.361083 clip False
2021-07-22 16:03:10,156 #22 Z prev 0.361083 next 0.398266 clip False
2021-07-22 16:03:10,159 #23 Z prev 0.398266 next 0.437448 clip False
2021-07-22 16:03:10,163 #24 Z prev 0.437448 next 0.478648 clip False
2021-07-22 16:03:10,167 #25 Z prev 0.478648 next 0.521882 clip False
2021-07-22 16:03:10,172 #26 Z prev 0.521882 next 0.567168 clip False
2021-07-22 16:03:10,175 #27 Z prev 0.567168 next 0.614520 clip False
2021-07-22 16:03:10,179 #28 Z prev 0.614520 next 0.663955 clip False
2021-07-22 16:03:10,182 #29 Z prev 0.663955 next 0.715486 clip False
2021-07-22 16:03:10,186 #30 Z prev 0.715486 next 0.769130 clip False
2021-07-22 16:03:10,191 #31 Z prev 0.769130 next 0.824900 clip False
2021-07-22 16:03:10,348 Final interpolated cLUT resolution 33x33x33
2021-07-22 16:03:10,355 --------------------------------------------------------------------------------
2021-07-22 16:03:10,355 Creating matrix from primaries
2021-07-22 16:03:10,356 Using chromatic adaptation transform matrix: Bradford
2021-07-22 16:03:10,435 Generating A2B1 by copying A2B0
2021-07-22 16:03:10,458 Making distinct A2B0
2021-07-22 16:03:10,482 Applying black point compensation to A2B0: L*a*b* 0.000000 0.000000 0.000000
2021-07-22 16:03:11,930 --------------------------------------------------------------------------------
2021-07-22 16:03:11,930 Generating B2A1 table by inverting A2B1 table
2021-07-22 16:03:11,930 
2021-07-22 16:03:11,931 Using chromatic adaptation transform matrix: Bradford
2021-07-22 16:03:11,957 Black XYZ: 0.0009 0.0009 0.0008
2021-07-22 16:03:11,958 White XYZ: 0.9642 1.0000 0.8249
2021-07-22 16:03:11,958 R XYZ: 0.4251 0.2189 0.0082
2021-07-22 16:03:11,958 G XYZ: 0.3985 0.7240 0.1011
2021-07-22 16:03:11,958 B XYZ: 0.1394 0.0579 0.7146
2021-07-22 16:03:11,958 Generating input curve PCS values...
2021-07-22 16:03:12,095 Looking up input curve RGB values...
2021-07-22 16:03:12,096 Setting up matrix
2021-07-22 16:03:12,097 Increasing saturation of actual primaries for PCS candidate to 103%...
2021-07-22 16:03:12,097 R xy 0.651818 0.335642 -> 0.661001 0.334955
2021-07-22 16:03:12,097 G xy 0.325668 0.591699 -> 0.325067 0.598694
2021-07-22 16:03:12,098 B xy 0.152878 0.063454 -> 0.147093 0.054601
2021-07-22 16:03:12,098 Checking for suitable PCS candidate...
2021-07-22 16:03:12,098 PCS candidate based on actual primaries fit: 1.01 (area: 94.26%)
2021-07-22 16:03:12,099 Using primaries: PCS candidate based on actual primaries
2021-07-22 16:03:12,099 Using R XYZ: 0.4331 0.2195 0.0026
2021-07-22 16:03:12,099 Using G XYZ: 0.3967 0.7306 0.0930
2021-07-22 16:03:12,099 Using B XYZ: 0.1344 0.0499 0.7292
2021-07-22 16:03:12,100 R+G+B XYZ: 0.9642 1.0000 0.8249
2021-07-22 16:03:12,100 Correction factors: 1.0000 1.0000 1.0000
2021-07-22 16:03:12,100 Matrix 1:
2021-07-22 16:03:12,100 [3.1474882016845243, -1.6494736381871764, -0.46712872575711206]
2021-07-22 16:03:12,101 [-0.9530198859003443, 1.880125949930218, 0.04700669663582642]
2021-07-22 16:03:12,101 [0.11016097215056224, -0.23389646530299688, 1.3670496496004658]
2021-07-22 16:03:12,101 Matrix 2:
2021-07-22 16:03:12,102 [3.14744517404661, -1.6494510891099743, -0.46712233988864077]
2021-07-22 16:03:12,102 [-0.9530229433726365, 1.8801319817382456, 0.0470068474424094]
2021-07-22 16:03:12,102 [0.11016242209139082, -0.23389954385275988, 1.3670676427341775]
2021-07-22 16:03:12,102 Matrix 3:
2021-07-22 16:03:12,103 [1.999969482421875, 0, 0]
2021-07-22 16:03:12,103 [0, 1.999969482421875, 0]
2021-07-22 16:03:12,103 [0, 0, 1.999969482421875]
2021-07-22 16:03:12,104 Final matrix:
2021-07-22 16:03:12,104 [6.294794295689226, -3.2988518409674734, -0.9342304243347801]
2021-07-22 16:03:12,104 [-1.9060168027931437, 3.760206586401853, 0.09401226034967956]
2021-07-22 16:03:12,104 [0.22032148229245904, -0.4677919496579168, 2.734093565874766]
2021-07-22 16:03:12,104 Applying matrix to input curve XYZ values...
2021-07-22 16:03:12,115 Generating input curves...
2021-07-22 16:03:15,144 100%
2021-07-22 16:03:15,144 Generating A2B1 table lookup input values...
2021-07-22 16:03:15,144 cLUT grid res: 33
2021-07-22 16:03:15,144 Looking up input values through A2B1 table (9 workers)...
2021-07-22 16:03:15,145 Using CAM Jab for clipping
2021-07-22 16:03:26,342 100%
2021-07-22 16:03:26,343 Input black XYZ: 0.000916 0.000946 0.000763
2021-07-22 16:03:26,343 Input white XYZ: 0.964203 1.000000 0.824890
2021-07-22 16:03:26,410 Output black RGB: 0.0000 0.0000 0.0000
2021-07-22 16:03:26,411 Output white RGB: 100.0000 100.0000 100.0000
2021-07-22 16:03:26,435 Filling cLUT...
2021-07-22 16:03:26,548 100%
2021-07-22 16:03:26,651 Generating output curves...
2021-07-22 16:03:26,851 Setting curve entry #0 (0.000000 0.000000 0.000000) to black because it got clipped
2021-07-22 16:03:26,851 Setting curve entry #1 (0.000000 0.000000 0.000000) to black because it got clipped
2021-07-22 16:03:26,852 Setting curve entry #4095 (1.000000 1.000000 1.000000) to white because it got clipped
2021-07-22 16:03:26,890 Smoothing B2A1...
2021-07-22 16:03:28,439 Generating B2A0 table by inverting A2B0 table
2021-07-22 16:03:28,439 
2021-07-22 16:03:28,439 Using chromatic adaptation transform matrix: Bradford
2021-07-22 16:03:28,470 Black XYZ: 0.0000 0.0000 0.0000
2021-07-22 16:03:28,470 White XYZ: 0.9642 1.0000 0.8249
2021-07-22 16:03:28,471 R XYZ: 0.4243 0.2185 0.0081
2021-07-22 16:03:28,471 G XYZ: 0.3977 0.7226 0.1009
2021-07-22 16:03:28,471 B XYZ: 0.1391 0.0578 0.7133
2021-07-22 16:03:28,471 Generating input curve PCS values...
2021-07-22 16:03:28,538 Looking up input curve RGB values...
2021-07-22 16:03:28,577 R+G+B XYZ: 0.9660 1.0019 0.8265
2021-07-22 16:03:28,577 Correction factors: 0.9981 0.9981 0.9981
2021-07-22 16:03:28,577 Matrix 1:
2021-07-22 16:03:28,578 [3.1482474301583134, -1.651009971360927, -0.468459684273087]
2021-07-22 16:03:28,578 [-0.9561035674787365, 1.8819153881944448, 0.046156350411415935]
2021-07-22 16:03:28,578 [0.10808856631154144, -0.23411798961330105, 1.3674671585801437]
2021-07-22 16:03:28,578 Matrix 2:
2021-07-22 16:03:28,578 [3.1542041661559663, -1.6541338143075393, -0.4693460474725064]
2021-07-22 16:03:28,579 [-0.9579125919166919, 1.8854761226621402, 0.04624368191890237]
2021-07-22 16:03:28,579 [0.10829307852608817, -0.2345609595790886, 1.3700545158415505]
2021-07-22 16:03:28,579 Matrix 3:
2021-07-22 16:03:28,579 [1.999969482421875, 0, 0]
2021-07-22 16:03:28,579 [0, 1.999969482421875, 0]
2021-07-22 16:03:28,580 [0, 0, 1.999969482421875]
2021-07-22 16:03:28,580 Final matrix:
2021-07-22 16:03:28,580 [6.30831207363987, -3.308217148457171, -0.9386777716403414]
2021-07-22 16:03:28,580 [-1.915795950661023, 3.770894705159404, 0.092485952592629]
2021-07-22 16:03:28,581 [0.21658285220969203, -0.46911476092576815, 2.7400672209373784]
2021-07-22 16:03:28,581 Applying matrix to input curve XYZ values...
2021-07-22 16:03:28,591 Generating input curves...
2021-07-22 16:03:31,922 100%
2021-07-22 16:03:31,925 --------------------------------------------------------------------------------
2021-07-22 16:03:31,925 Creating shaper tags in separate step
2021-07-22 16:03:31,926 Using chromatic adaptation transform matrix: Bradford
2021-07-22 16:03:31,941 Extracting neutrals from /tmp/DisplayCAL-fBNR5r/U2719D #2 2021-07-22 15-47 2.2 F-S XYZLUT+MTX.ti3
2021-07-22 16:03:31,954 NUMBER_OF_FIELDS 7
2021-07-22 16:03:31,954 BEGIN_DATA_FORMAT
2021-07-22 16:03:31,954 SAMPLE_ID RGB_R RGB_G RGB_B XYZ_X XYZ_Y XYZ_Z
2021-07-22 16:03:31,954 END_DATA_FORMAT
2021-07-22 16:03:31,954 
2021-07-22 16:03:31,954 NUMBER_OF_SETS 52
2021-07-22 16:03:31,954 BEGIN_DATA
2021-07-22 16:03:31,954 1 0.0000000 0.0000000 0.0000000 0.0888091 0.0937319 0.1057398
2021-07-22 16:03:31,954 2 1.9608000 1.9608000 1.9608000 0.1466357 0.1571434 0.1835823
2021-07-22 16:03:31,954 3 3.9216000 3.9216000 3.9216000 0.2302745 0.2432084 0.2942672
2021-07-22 16:03:31,954 4 5.8824000 5.8824000 5.8824000 0.3181001 0.3373364 0.4096958
2021-07-22 16:03:31,954 5 7.8431000 7.8431000 7.8431000 0.4394020 0.4666974 0.5640670
2021-07-22 16:03:31,954 6 9.8039000 9.8039000 9.8039000 0.6312226 0.6684064 0.8048576
2021-07-22 16:03:31,954 7 11.765000 11.765000 11.765000 0.8898192 0.9446083 1.1148654
2021-07-22 16:03:31,954 8 13.726000 13.726000 13.726000 1.2050107 1.2824332 1.4815472
2021-07-22 16:03:31,954 9 15.686000 15.686000 15.686000 1.6037053 1.7040822 1.9527226
2021-07-22 16:03:31,954 10 17.647000 17.647000 17.647000 2.0740417 2.1978641 2.5214335
2021-07-22 16:03:31,954 11 19.608000 19.608000 19.608000 2.6300816 2.7736280 3.1918644
2021-07-22 16:03:31,954 12 21.569000 21.569000 21.569000 3.2441015 3.4356098 3.9018867
2021-07-22 16:03:31,954 13 23.529000 23.529000 23.529000 3.9037596 4.1225367 4.7011032
2021-07-22 16:03:31,955 14 25.490000 25.490000 25.490000 4.6419466 4.8911976 5.5704436
2021-07-22 16:03:31,955 15 27.451000 27.451000 27.451000 5.4538365 5.7515674 6.5243733
2021-07-22 16:03:31,955 16 29.412000 29.412000 29.412000 6.3705573 6.7119962 7.6358943
2021-07-22 16:03:31,955 17 31.373000 31.373000 31.373000 7.3916841 7.7826840 8.8266942
2021-07-22 16:03:31,955 18 33.333000 33.333000 33.333000 8.4648439 8.9305488 10.161779
2021-07-22 16:03:31,955 19 35.294000 35.294000 35.294000 9.6217857 10.151937 11.501589
2021-07-22 16:03:31,955 20 37.255000 37.255000 37.255000 10.891305 11.458076 13.041818
2021-07-22 16:03:31,955 21 39.216000 39.216000 39.216000 12.192755 12.833016 14.586638
2021-07-22 16:03:31,955 22 41.176000 41.176000 41.176000 13.538965 14.277146 16.197308
2021-07-22 16:03:31,955 23 43.137000 43.137000 43.137000 14.998435 15.785596 17.896378
2021-07-22 16:03:31,955 24 45.098000 45.098000 45.098000 16.542014 17.398355 19.775267
2021-07-22 16:03:31,955 25 47.059000 47.059000 47.059000 18.116804 19.079905 21.655247
2021-07-22 16:03:31,955 26 49.020000 49.020000 49.020000 19.813384 20.880385 23.705746
2021-07-22 16:03:31,955 27 50.980000 50.980000 50.980000 21.580674 22.764324 25.756756
2021-07-22 16:03:31,955 28 52.941000 52.941000 52.941000 23.399053 24.683734 27.977766
2021-07-22 16:03:31,955 29 54.902000 54.902000 54.902000 25.360993 26.736214 30.283995
2021-07-22 16:03:31,955 30 56.863000 56.863000 56.863000 27.371882 28.858023 32.676035
2021-07-22 16:03:31,955 31 58.824000 58.824000 58.824000 29.537912 31.133703 35.323874
2021-07-22 16:03:31,955 32 60.784000 60.784000 60.784000 31.774642 33.492832 37.972224
2021-07-22 16:03:31,955 33 62.745000 62.745000 62.745000 34.042581 35.920752 40.621663
2021-07-22 16:03:31,955 34 64.706000 64.706000 64.706000 36.361601 38.384141 43.441103
2021-07-22 16:03:31,955 35 66.667000 66.667000 66.667000 38.735740 40.896601 46.260512
2021-07-22 16:03:31,955 36 68.627000 68.627000 68.627000 41.255570 43.508280 49.249322
2021-07-22 16:03:31,955 37 70.588000 70.588000 70.588000 43.871159 46.292460 52.325581
2021-07-22 16:03:31,955 38 72.549000 72.549000 72.549000 46.575189 49.160629 55.487081
2021-07-22 16:03:31,955 39 74.510000 74.510000 74.510000 49.369828 52.078969 58.818020
2021-07-22 16:03:31,955 40 76.471000 76.471000 76.471000 52.260198 55.169788 62.236399
2021-07-22 16:03:31,955 41 78.431000 78.431000 78.431000 55.274517 58.345708 65.909479
2021-07-22 16:03:31,955 42 80.392000 80.392000 80.392000 58.363567 61.618667 69.413048
2021-07-22 16:03:31,955 43 82.353000 82.353000 82.353000 61.595426 65.086016 73.344097
2021-07-22 16:03:31,955 44 84.314000 84.314000 84.314000 64.961415 68.631786 77.273967
2021-07-22 16:03:31,955 45 86.275000 86.275000 86.275000 68.415855 72.261545 81.289086
2021-07-22 16:03:31,955 46 88.235000 88.235000 88.235000 71.889164 76.000614 85.476985
2021-07-22 16:03:31,955 47 90.196000 90.196000 90.196000 75.604934 79.868794 89.917864
2021-07-22 16:03:31,955 48 92.157000 92.157000 92.157000 79.288493 83.810803 94.361523
2021-07-22 16:03:31,955 49 94.118000 94.118000 94.118000 83.172872 87.901092 98.974553
2021-07-22 16:03:31,955 50 96.078000 96.078000 96.078000 87.110211 92.074281 103.50340
2021-07-22 16:03:31,955 51 98.039000 98.039000 98.039000 91.180921 96.387231 108.37330
2021-07-22 16:03:31,955 52 100.00000 100.00000 100.00000 94.747990 100.00000 112.81090
2021-07-22 16:03:31,955 END_DATA
2021-07-22 16:03:31,956 --------------------------------------------------------------------------------
2021-07-22 16:03:32,314 Black relative luminance = 0.000937
2021-07-22 16:03:32,314 Black output offset = 1.00
2021-07-22 16:03:32,314 Calibration gamma = 2.20 relative
2021-07-22 16:03:32,314 Calibration overall transfer function ≈ Gamma 2.20 100% (Δ 0.00%)
2021-07-22 16:03:32,315 Calibration effective gamma = 2.20
2021-07-22 16:03:32,353 Transfer function R ≈ Gamma 2.20 100% (Δ 1.75%)
2021-07-22 16:03:32,353 Effective gamma = 2.20
2021-07-22 16:03:32,353 Got good match (+-2%)
2021-07-22 16:03:32,353 Using calibration transfer function
2021-07-22 16:03:32,390 Transfer function G ≈ Gamma 2.20 100% (Δ 1.75%)
2021-07-22 16:03:32,390 Effective gamma = 2.20
2021-07-22 16:03:32,391 Got good match (+-2%)
2021-07-22 16:03:32,391 Using calibration transfer function
2021-07-22 16:03:32,429 Transfer function B ≈ Gamma 2.20 100% (Δ 1.75%)
2021-07-22 16:03:32,429 Effective gamma = 2.20
2021-07-22 16:03:32,429 Got good match (+-2%)
2021-07-22 16:03:32,429 Using calibration transfer function
2021-07-22 16:03:32,429 Using transfer function for R: Gamma 2.20
2021-07-22 16:03:32,429 Effective gamma = 2.20
2021-07-22 16:03:32,429 Using transfer function for G: Gamma 2.20
2021-07-22 16:03:32,429 Effective gamma = 2.20
2021-07-22 16:03:32,430 Using transfer function for B: Gamma 2.20
2021-07-22 16:03:32,430 Effective gamma = 2.20
2021-07-22 16:03:32,431 Adding rTRC from interpolation to U2719D #2 2021-07-22 15-47 2.2 F-S XYZLUT+MTX
2021-07-22 16:03:32,431 Adding gTRC from interpolation to U2719D #2 2021-07-22 15-47 2.2 F-S XYZLUT+MTX
2021-07-22 16:03:32,431 Adding bTRC from interpolation to U2719D #2 2021-07-22 15-47 2.2 F-S XYZLUT+MTX
2021-07-22 16:03:32,756 --------------------------------------------------------------------------------
2021-07-22 16:03:32,756 Working directory:
2021-07-22 16:03:32,756   /
2021-07-22 16:03:32,756    tmp/
2021-07-22 16:03:32,756     DisplayCAL-fBNR5r/
2021-07-22 16:03:32,757 
2021-07-22 16:03:32,757 Command line:
2021-07-22 16:03:32,757   /usr/bin/profcheck
2021-07-22 16:03:32,757     'U2719D #2 2021-07-22 15-47 2.2 F-S XYZLUT+MTX.ti3'
2021-07-22 16:03:32,757     'U2719D #2 2021-07-22 15-47 2.2 F-S XYZLUT+MTX.icc'
2021-07-22 16:03:32,757 
2021-07-22 16:03:32,766 Profile check complete, errors: max. = 1.559906, avg. = 0.128175, RMS = 0.288785
2021-07-22 16:03:32,767 profcheck exitcode: 0
2021-07-22 16:03:32,768 --------------------------------------------------------------------------------
2021-07-22 16:03:32,768 Generating gamut views...
2021-07-22 16:03:33,519 --------------------------------------------------------------------------------
2021-07-22 16:03:33,520 Working directory:
2021-07-22 16:03:33,520   /
2021-07-22 16:03:33,520    tmp/
2021-07-22 16:03:33,520     DisplayCAL-fBNR5r/
2021-07-22 16:03:33,520 
2021-07-22 16:03:33,520 Command line:
2021-07-22 16:03:33,521   /usr/bin/iccgamut
2021-07-22 16:03:33,521     -v
2021-07-22 16:03:33,521     -w
2021-07-22 16:03:33,521     -ir
2021-07-22 16:03:33,521     -ff
2021-07-22 16:03:33,521     -on
2021-07-22 16:03:33,521     -d10.00
2021-07-22 16:03:33,522     'U2719D #2 2021-07-22 15-47 2.2 F-S XYZLUT+MTX.icc'
2021-07-22 16:03:33,522 
2021-07-22 16:03:33,849 Header:
2021-07-22 16:03:33,849   size         = 942052 bytes
2021-07-22 16:03:33,849   CMM          = 'argl'
2021-07-22 16:03:33,849   Version      = 2.2.0
2021-07-22 16:03:33,849   Device Class = Display
2021-07-22 16:03:33,849   Color Space  = RGB
2021-07-22 16:03:33,849   Conn. Space  = XYZ
2021-07-22 16:03:33,849   Date, Time   = 22 Jul 2021, 16:03:06
2021-07-22 16:03:33,849   Platform     = *nix
2021-07-22 16:03:33,849   Flags        = Not Embedded Profile, Use anywhere
2021-07-22 16:03:33,849   Dev. Mnfctr. = 0x0
2021-07-22 16:03:33,849   Dev. Model   = 0x0
2021-07-22 16:03:33,849   Dev. Attrbts = Reflective, Glossy, Positive, Color
2021-07-22 16:03:33,849   Rndrng Intnt = Perceptual
2021-07-22 16:03:33,849   Illuminant   = 0.96420288, 1.00000000, 0.82490540    [Lab 100.000000, 0.000000, 0.000000]
2021-07-22 16:03:33,849   Creator      = 'DCAL'
2021-07-22 16:03:33,849 
2021-07-22 16:03:33,849 Total volume of gamut is 813201.324108 cubic colorspace units
2021-07-22 16:03:33,849 iccgamut exitcode: 0
2021-07-22 16:03:34,641 --------------------------------------------------------------------------------
2021-07-22 16:03:34,641 Command line:
2021-07-22 16:03:34,641   /usr/bin/viewgam
2021-07-22 16:03:34,642     -cw
2021-07-22 16:03:34,642     -t0
2021-07-22 16:03:34,642     -w
2021-07-22 16:03:34,642     /usr/share/DisplayCAL/ref/sRGB.gam
2021-07-22 16:03:34,643     -cn
2021-07-22 16:03:34,643     -t.3
2021-07-22 16:03:34,643     -s
2021-07-22 16:03:34,644     'U2719D #2 2021-07-22 15-47 2.2 F-S XYZLUT+MTX.gam'
2021-07-22 16:03:34,644     -i
2021-07-22 16:03:34,644     'U2719D #2 2021-07-22 15-47 2.2 F-S XYZLUT+MTX vs sRGB.wrl'
2021-07-22 16:03:34,645 
2021-07-22 16:03:34,645 Intersecting volume = 804833.0 cubic units
2021-07-22 16:03:34,645 '/usr/share/DisplayCAL/ref/sRGB.gam' volume = 833675.1 cubic units, intersect = 96.54%
2021-07-22 16:03:34,645 'U2719D #2 2021-07-22 15-47 2.2 F-S XYZLUT+MTX.gam' volume = 813201.3 cubic units, intersect = 98.97%
2021-07-22 16:03:34,747 --------------------------------------------------------------------------------
2021-07-22 16:03:34,748 Command line:
2021-07-22 16:03:34,748   /usr/bin/viewgam
2021-07-22 16:03:34,748     -cw
2021-07-22 16:03:34,748     -t0
2021-07-22 16:03:34,748     -w
2021-07-22 16:03:34,748     /usr/share/DisplayCAL/ref/ClayRGB1998.gam
2021-07-22 16:03:34,748     -cn
2021-07-22 16:03:34,749     -t.3
2021-07-22 16:03:34,749     -s
2021-07-22 16:03:34,749     'U2719D #2 2021-07-22 15-47 2.2 F-S XYZLUT+MTX.gam'
2021-07-22 16:03:34,749     -i
2021-07-22 16:03:34,749     'U2719D #2 2021-07-22 15-47 2.2 F-S XYZLUT+MTX vs ClayRGB1998.wrl'
2021-07-22 16:03:34,749 
2021-07-22 16:03:34,750 Intersecting volume = 810244.9 cubic units
2021-07-22 16:03:34,750 '/usr/share/DisplayCAL/ref/ClayRGB1998.gam' volume = 1209985.9 cubic units, intersect = 66.96%
2021-07-22 16:03:34,750 'U2719D #2 2021-07-22 15-47 2.2 F-S XYZLUT+MTX.gam' volume = 813201.3 cubic units, intersect = 99.64%
2021-07-22 16:03:34,750 --------------------------------------------------------------------------------
2021-07-22 16:03:34,750 Command line:
2021-07-22 16:03:34,750   /usr/bin/viewgam
2021-07-22 16:03:34,750     -cw
2021-07-22 16:03:34,750     -t0
2021-07-22 16:03:34,751     -w
2021-07-22 16:03:34,751     /usr/share/DisplayCAL/ref/SMPTE431_P3.gam
2021-07-22 16:03:34,751     -cn
2021-07-22 16:03:34,751     -t.3
2021-07-22 16:03:34,751     -s
2021-07-22 16:03:34,751     'U2719D #2 2021-07-22 15-47 2.2 F-S XYZLUT+MTX.gam'
2021-07-22 16:03:34,751     -i
2021-07-22 16:03:34,751     'U2719D #2 2021-07-22 15-47 2.2 F-S XYZLUT+MTX vs SMPTE431_P3.wrl'
2021-07-22 16:03:34,752 
2021-07-22 16:03:34,752 Intersecting volume = 813038.4 cubic units
2021-07-22 16:03:34,752 '/usr/share/DisplayCAL/ref/SMPTE431_P3.gam' volume = 1176953.5 cubic units, intersect = 69.08%
2021-07-22 16:03:34,752 'U2719D #2 2021-07-22 15-47 2.2 F-S XYZLUT+MTX.gam' volume = 813201.3 cubic units, intersect = 99.98%
2021-07-22 16:03:34,866 --------------------------------------------------------------------------------
