2021-07-22 15:21:50,840 --------------------------------------------------------------------------------
2021-07-22 15:21:50,841 Working directory:
2021-07-22 15:21:50,841   /
2021-07-22 15:21:50,841    tmp/
2021-07-22 15:21:50,842     DisplayCAL-bhlw5Q/
2021-07-22 15:21:50,842 
2021-07-22 15:21:50,842 Command line:
2021-07-22 15:21:50,842   /usr/bin/dispcal
2021-07-22 15:21:50,843     -v2
2021-07-22 15:21:50,843     -d1
2021-07-22 15:21:50,843     -c1
2021-07-22 15:21:50,843     -yn
2021-07-22 15:21:50,843     -P0.438588450962,0.901129943503,1.0
2021-07-22 15:21:50,844     -ql
2021-07-22 15:21:50,844     -t
2021-07-22 15:21:50,844     -g2.2
2021-07-22 15:21:50,844     -f1.0
2021-07-22 15:21:50,845     -k0.0
2021-07-22 15:21:50,845     -A4.0
2021-07-22 15:21:50,845     -b
2021-07-22 15:21:50,845     'U2721DE #1 2021-07-22 15-21 2.2 F-S XYZLUT+MTX'
2021-07-22 15:21:50,846 
2021-07-22 15:21:50,852 DisplayCAL: Starting interaction with subprocess
2021-07-22 15:21:54,465 Setting up the instrument
2021-07-22 15:21:55,324 Product Name:      Colormunki Display
2021-07-22 15:21:55,324 Serial Number:     CM-16.A-02.174532.01
2021-07-22 15:21:55,324 Firmware Version:  v1.03
2021-07-22 15:21:55,325 Firmware Date:     05Jun12
2021-07-22 15:21:55,326 dispcal: Warning - new_dispwin: Expected VideoLUT depth 8 doesn't match actual 10
2021-07-22 15:21:55,604 Place instrument on test window.
2021-07-22 15:21:55,605 DisplayCAL: Waiting for send buffer
2021-07-22 15:21:55,605 DisplayCAL: Detected instrument placement (screen/spot) message
2021-07-22 15:21:57,106 DisplayCAL: Skipping place instrument on screen message...
2021-07-22 15:21:57,108 DisplayCAL: Sending buffer: ' '
2021-07-22 15:21:57,159 Hit Esc or Q to give up, any other key to continue:
2021-07-22 15:21:57,160 Display type is 'n'
2021-07-22 15:21:57,160 Target white = native white point
2021-07-22 15:21:57,160 Target white brightness = native brightness
2021-07-22 15:21:57,161 Target black brightness = native brightness
2021-07-22 15:21:57,161 Black point device hack is enabled
2021-07-22 15:21:57,161 Target advertised gamma = 2.200000
2021-07-22 15:21:57,161 
2021-07-22 15:21:57,162 Display adjustment menu:
2021-07-22 15:21:57,162 Press 1 .. 7
2021-07-22 15:21:57,166 1) Black level (CRT: Offset/Brightness)
2021-07-22 15:21:57,166 2) White point (Color temperature, R,G,B, Gain/Contrast)
2021-07-22 15:21:57,167 3) White level (CRT: Gain/Contrast, LCD: Brightness/Backlight)
2021-07-22 15:21:57,167 4) Black point (R,G,B, Offset/Brightness)
2021-07-22 15:21:57,167 5) Check all
2021-07-22 15:21:57,167 6) Measure and set ambient for viewing condition adjustment
2021-07-22 15:21:57,168 7) Continue on to calibration
2021-07-22 15:21:57,168 8) Exit
2021-07-22 15:21:57,170 DisplayCAL: Waiting for send buffer
2021-07-22 15:22:11,240 DisplayCAL: Sending buffer: '2'
2021-07-22 15:22:11,291 Doing some initial measurements
2021-07-22 15:22:21,099 Red   = XYZ 89.109 48.681  0.525
2021-07-22 15:22:21,099 Green = XYZ 81.302 163.438 27.018
2021-07-22 15:22:21,100 Blue  = XYZ 42.705 19.534 235.003
2021-07-22 15:22:22,681 White = XYZ 214.955 233.743 265.137
2021-07-22 15:22:22,682 
2021-07-22 15:22:22,682 Adjust R,G & B gain to desired white point. Press space when done.
2021-07-22 15:22:22,683   Initial Br 233.74, x 0.3011 , y 0.3274 , VDT 6855K DE 2K  6.7
2021-07-22 15:24:31,509 DisplayCAL: Sending buffer: ' '
2021-07-22 15:24:31,722 / Current Br 239.52, x 0.3105-, y 0.3256+  VDT 6697K DE 2K  1.0  R-  G++ B-
2021-07-22 15:24:31,722 
2021-07-22 15:24:31,722 Press 1 .. 7
2021-07-22 15:24:31,722 1) Black level (CRT: Offset/Brightness)
2021-07-22 15:24:31,723 2) White point (Color temperature, R,G,B, Gain/Contrast)
2021-07-22 15:24:31,723 3) White level (CRT: Gain/Contrast, LCD: Brightness/Backlight)
2021-07-22 15:24:31,723 4) Black point (R,G,B, Offset/Brightness)
2021-07-22 15:24:31,724 5) Check all
2021-07-22 15:24:31,724 6) Measure and set ambient for viewing condition adjustment
2021-07-22 15:24:31,724 7) Continue on to calibration
2021-07-22 15:24:31,724 8) Exit
2021-07-22 15:24:31,727 DisplayCAL: Waiting for send buffer
2021-07-22 15:24:32,929 DisplayCAL: Sending buffer: '7'
2021-07-22 15:24:32,980 Commencing display calibration
2021-07-22 15:25:08,904 Patch 9 of 9
2021-07-22 15:25:08,904 Black = XYZ 0.2345 0.2408 0.3690
2021-07-22 15:25:08,905 Red   = XYZ 102.021 49.629  0.000
2021-07-22 15:25:08,905 Green = XYZ 81.761 168.835 21.573
2021-07-22 15:25:08,905 Blue  = XYZ 43.894 19.982 246.093
2021-07-22 15:25:08,906 White = XYZ 228.379 239.562 267.877
2021-07-22 15:28:23,215 Patch 48 of 48
2021-07-22 15:28:23,313 
2021-07-22 15:28:23,314 Initial native brightness target = 239.561606 cd/m^2
2021-07-22 15:28:23,314 Target white value is XYZ 228.379049 239.561606 267.877140 [xy 0.310374 0.325572]
2021-07-22 15:28:23,314 Adjusted target black XYZ 0.2345 0.2408 0.3690, Lab 0.908 0.084 -0.580
2021-07-22 15:28:23,314 Target black after min adjust: XYZ 0.2345 0.2408 0.3690, Lab 0.908 0.084 -0.580
2021-07-22 15:28:23,315 Gamma curve input offset = 0.000000, output offset = 0.001005, power = 2.205227
2021-07-22 15:28:23,316 Total Iteration 2, Final Samples = 32 Final Repeat threshold = 0.900000
2021-07-22 15:28:23,316 Creating initial calibration curves...
2021-07-22 15:28:23,322 
2021-07-22 15:28:23,322 Doing iteration 1/2 with 16 sample points and repeat threshold of 1.272792 DE
2021-07-22 15:28:24,615 Patch 1 of 16 DE 0.000000, W.DE 0.000000, OK ( < 1.272792)
2021-07-22 15:28:26,049 Patch 2 of 16 DE 1.581935, W.DE 1.581935, Repeat
2021-07-22 15:28:27,481 Patch 2 of 16 DE 0.440695, W.DE 0.440695, OK ( < 1.272792)
2021-07-22 15:28:28,899 Patch 3 of 16 DE 2.569127, W.DE 2.569127, Repeat
2021-07-22 15:28:30,357 Patch 3 of 16 DE 0.202889, W.DE 0.202889, OK ( < 1.272792)
2021-07-22 15:28:31,766 Patch 4 of 16 DE 2.105274, W.DE 2.105274, Repeat
2021-07-22 15:28:33,204 Patch 4 of 16 DE 0.262551, W.DE 0.262551, OK ( < 1.272792)
2021-07-22 15:28:34,651 Patch 5 of 16 DE 1.368376, W.DE 1.368376, Repeat
2021-07-22 15:28:36,074 Patch 5 of 16 DE 0.515679, W.DE 0.515679, OK ( < 1.272792)
2021-07-22 15:28:37,487 Patch 6 of 16 DE 1.126901, W.DE 1.126901, OK ( < 1.272792)
2021-07-22 15:28:38,904 Patch 7 of 16 DE 1.156112, W.DE 1.156112, OK ( < 1.272792)
2021-07-22 15:28:41,438 Patch 8 of 16 DE 1.458809, W.DE 1.458809, Repeat
2021-07-22 15:28:43,972 Patch 8 of 16 DE 0.182943, W.DE 0.182943, OK ( < 1.272792)
2021-07-22 15:28:46,563 Patch 9 of 16 DE 1.934169, W.DE 1.934169, Repeat
2021-07-22 15:28:49,183 Patch 9 of 16 DE 0.134741, W.DE 0.134741, OK ( < 1.272792)
2021-07-22 15:28:51,886 Patch 10 of 16 DE 1.149418, W.DE 1.149418, OK ( < 1.272792)
2021-07-22 15:28:54,697 Patch 11 of 16 DE 0.953296, W.DE 0.953296, OK ( < 1.272792)
2021-07-22 15:28:57,775 Patch 12 of 16 DE 1.919327, W.DE 1.919327, Repeat
2021-07-22 15:29:00,811 Patch 12 of 16 DE 0.289601, W.DE 0.289601, OK ( < 1.272792)
2021-07-22 15:29:05,625 Patch 13 of 16 DE 1.822944, W.DE 1.822944, Repeat
2021-07-22 15:29:10,127 Patch 13 of 16 DE 0.461223, W.DE 0.461223, OK ( < 1.272792)
2021-07-22 15:29:15,508 Patch 14 of 16 DE 0.594931, W.DE 0.594931, OK ( < 1.272792)
2021-07-22 15:29:20,985 Patch 15 of 16 DE 0.047963, W.DE 0.047963, OK ( < 1.272792)
2021-07-22 15:29:26,414 Patch 16 of 16 DE 0.023537, W.DE 23.537244, Repeat
2021-07-22 15:29:47,753 Patch 16 of 16 DE 0.022426, W.DE 22.425524, Repeat
2021-07-22 15:29:53,298 Patch 16 of 16 DE 0.019418, W.DE 19.417953, Repeat
2021-07-22 15:29:58,736 Patch 16 of 16 DE 0.017575, W.DE 17.575465, Repeat
2021-07-22 15:30:04,194 Patch 16 of 16 DE 0.015320, W.DE 15.319660, Repeat
2021-07-22 15:30:09,656 Patch 16 of 16 DE 0.013261, W.DE 13.261211, Repeat
2021-07-22 15:30:15,093 Patch 16 of 16 DE 0.011639, W.DE 11.639436, Repeat
2021-07-22 15:30:20,532 Patch 16 of 16 DE 0.010021, W.DE 10.021004, Repeat
2021-07-22 15:30:25,989 Patch 16 of 16 DE 0.009877, W.DE 9.877095, Repeat
2021-07-22 15:30:31,446 Patch 16 of 16 DE 0.009344, W.DE 9.344306, Fail ( > 1.272792)
2021-07-22 15:30:31,446 
2021-07-22 15:30:31,447 Brightness error = 0.000000 cd/m^2 (is 239.713349, should be 239.713349)
2021-07-22 15:30:31,447 White point error = 0.000000 deltaE
2021-07-22 15:30:31,447 Maximum neutral error (@ 0.441613) = 1.156417 deltaE
2021-07-22 15:30:31,448 Average neutral error = 0.470871 deltaE
2021-07-22 15:30:31,448 Failed to meet target 1.272792 delta E, got worst case 9.344306
2021-07-22 15:30:31,448 Number of measurements taken = 36
2021-07-22 15:30:31,451 Computing update to calibration curves...
2021-07-22 15:30:31,472 
2021-07-22 15:30:31,473 Doing iteration 2/2 with 32 sample points and repeat threshold of 0.900000 DE
2021-07-22 15:30:33,056 Patch 1 of 32 DE 0.000000, W.DE 0.000000, W.peqDE 0.000000, OK ( < 0.900000)
2021-07-22 15:30:34,451 Patch 2 of 32 DE 1.151785, W.DE 1.151785, peqDE 1.151782, Repeat
2021-07-22 15:30:35,829 Patch 2 of 32 DE 0.086522, W.DE 0.086522, W.peqDE 0.086525, OK ( < 0.900000)
2021-07-22 15:30:37,218 Patch 3 of 32 DE 0.437110, W.DE 0.437110, W.peqDE 0.492797, OK ( < 0.900000)
2021-07-22 15:30:38,620 Patch 4 of 32 DE 0.233345, W.DE 0.233345, W.peqDE 0.575083, OK ( < 0.900000)
2021-07-22 15:30:40,020 Patch 5 of 32 DE 0.352500, W.DE 0.352500, W.peqDE 0.222265, OK ( < 0.900000)
2021-07-22 15:30:41,404 Patch 6 of 32 DE 0.365635, W.DE 0.365635, W.peqDE 0.492929, OK ( < 0.900000)
2021-07-22 15:30:42,805 Patch 7 of 32 DE 0.345724, W.DE 0.345724, W.peqDE 0.273202, OK ( < 0.900000)
2021-07-22 15:30:44,190 Patch 8 of 32 DE 0.295168, W.DE 0.295168, W.peqDE 0.343280, OK ( < 0.900000)
2021-07-22 15:30:45,590 Patch 9 of 32 DE 0.472980, W.DE 0.472980, W.peqDE 0.405694, OK ( < 0.900000)
2021-07-22 15:30:46,993 Patch 10 of 32 DE 0.636315, W.DE 0.636315, W.peqDE 0.390319, OK ( < 0.900000)
2021-07-22 15:30:48,396 Patch 11 of 32 DE 0.988666, W.DE 0.988666, peqDE 0.789767, Repeat
2021-07-22 15:30:49,806 Patch 11 of 32 DE 0.254529, W.DE 0.254529, W.peqDE 0.742856, OK ( < 0.900000)
2021-07-22 15:30:51,199 Patch 12 of 32 DE 1.231242, W.DE 1.231242, peqDE 1.379876, Repeat
2021-07-22 15:30:52,619 Patch 12 of 32 DE 0.091342, W.DE 0.091342, W.peqDE 0.281907, OK ( < 0.900000)
2021-07-22 15:30:54,018 Patch 13 of 32 DE 1.170734, W.DE 1.170734, peqDE 1.170723, Repeat
2021-07-22 15:30:55,439 Patch 13 of 32 DE 0.047392, W.DE 0.047392, W.peqDE 0.089083, OK ( < 0.900000)
2021-07-22 15:30:56,837 Patch 14 of 32 DE 0.939211, W.DE 0.939211, peqDE 0.938662, Repeat
2021-07-22 15:30:58,261 Patch 14 of 32 DE 0.454952, W.DE 0.454952, W.peqDE 0.473090, OK ( < 0.900000)
2021-07-22 15:31:00,755 Patch 15 of 32 DE 0.627691, W.DE 0.627691, W.peqDE 0.533388, OK ( < 0.900000)
2021-07-22 15:31:03,273 Patch 16 of 32 DE 0.303653, W.DE 0.303653, W.peqDE 0.397247, OK ( < 0.900000)
2021-07-22 15:31:05,825 Patch 17 of 32 DE 0.468199, W.DE 0.468199, W.peqDE 0.498465, OK ( < 0.900000)
2021-07-22 15:31:08,415 Patch 18 of 32 DE 0.656870, W.DE 0.656870, W.peqDE 0.664026, OK ( < 0.900000)
2021-07-22 15:31:11,049 Patch 19 of 32 DE 1.175171, W.DE 1.175171, peqDE 1.167394, Repeat
2021-07-22 15:31:13,690 Patch 19 of 32 DE 0.458382, W.DE 0.458382, W.peqDE 0.466573, OK ( < 0.900000)
2021-07-22 15:31:16,378 Patch 20 of 32 DE 1.320201, W.DE 1.320201, peqDE 1.558161, Repeat
2021-07-22 15:31:19,064 Patch 20 of 32 DE 0.257093, W.DE 0.257093, W.peqDE 0.460786, OK ( < 0.900000)
2021-07-22 15:31:21,809 Patch 21 of 32 DE 1.215455, W.DE 1.215455, peqDE 1.195936, Repeat
2021-07-22 15:31:24,582 Patch 21 of 32 DE 0.183104, W.DE 0.183104, W.peqDE 0.125311, OK ( < 0.900000)
2021-07-22 15:31:27,431 Patch 22 of 32 DE 1.081988, W.DE 1.081988, peqDE 0.960953, Repeat
2021-07-22 15:31:30,261 Patch 22 of 32 DE 0.044004, W.DE 0.044004, W.peqDE 0.160129, OK ( < 0.900000)
2021-07-22 15:31:33,191 Patch 23 of 32 DE 0.836686, W.DE 0.836686, W.peqDE 0.802809, OK ( < 0.900000)
2021-07-22 15:31:36,253 Patch 24 of 32 DE 0.804168, W.DE 0.804168, W.peqDE 0.702748, OK ( < 0.900000)
2021-07-22 15:31:40,509 Patch 25 of 32 DE 0.946438, W.DE 0.946438, peqDE 0.889695, Repeat
2021-07-22 15:31:44,685 Patch 25 of 32 DE 0.010065, W.DE 0.010065, W.peqDE 0.533227, OK ( < 0.900000)
2021-07-22 15:31:49,237 Patch 26 of 32 DE 0.872521, W.DE 0.872521, peqDE 0.874234, Repeat
2021-07-22 15:31:53,704 Patch 26 of 32 DE 0.234907, W.DE 0.234907, W.peqDE 0.236727, OK ( < 0.651986)
2021-07-22 15:31:58,642 Patch 27 of 32 DE 0.677766, W.DE 0.677766, peqDE 0.673366, Repeat
2021-07-22 15:32:03,424 Patch 27 of 32 DE 0.289173, W.DE 0.289173, W.peqDE 0.278322, OK ( < 0.393772)
2021-07-22 15:32:08,707 Patch 28 of 32 DE 0.387079, W.DE 0.387079, peqDE 0.391893, Repeat
2021-07-22 15:32:13,862 Patch 28 of 32 DE 0.248018, W.DE 0.248018, peqDE 0.252579, Repeat
2021-07-22 15:32:18,906 Patch 28 of 32 DE 0.118383, W.DE 0.118383, W.peqDE 0.130820, OK ( < 0.250000)
2021-07-22 15:32:24,297 Patch 29 of 32 DE 0.160805, W.DE 0.160805, W.peqDE 0.167036, OK ( < 0.250000)
2021-07-22 15:32:29,771 Patch 30 of 32 DE 0.049943, W.DE 0.049943, W.peqDE 0.039769, OK ( < 0.250000)
2021-07-22 15:32:35,262 Patch 31 of 32 DE 0.016575, W.DE 0.105784, W.peqDE 0.104480, OK ( < 0.250000)
2021-07-22 15:32:40,754 Patch 32 of 32 DE 0.001370, W.DE 1.369713, peqDE 1.369713, Repeat
2021-07-22 15:33:02,279 Patch 32 of 32 DE 0.001370, W.DE 1.369713, peqDE 1.369713, Repeat
2021-07-22 15:33:07,813 Patch 32 of 32 DE 0.001673, W.DE 1.672502, peqDE 1.672502, Repeat (got worse)
2021-07-22 15:33:13,266 Patch 32 of 32 DE 0.001671, W.DE 1.671084, peqDE 1.671084, Repeat (got worse)
2021-07-22 15:33:18,722 Patch 32 of 32 DE 0.001767, W.DE 1.767040, peqDE 1.767040, Repeat (got worse)
2021-07-22 15:33:24,176 Patch 32 of 32 DE 0.001923, W.DE 1.923460, peqDE 1.923460, Repeat (got worse)
2021-07-22 15:33:29,630 Patch 32 of 32 DE 0.001952, W.DE 1.952092, peqDE 1.952092, Repeat (got worse)
2021-07-22 15:33:35,084 Patch 32 of 32 DE 0.002138, W.DE 2.138440, peqDE 2.138440, Repeat (got worse)
2021-07-22 15:33:40,537 Patch 32 of 32 DE 0.001654, W.DE 1.654144, peqDE 1.654144, Repeat (got worse)
2021-07-22 15:33:45,992 Patch 32 of 32 DE 0.001370, W.DE 1.369713, W.peqDE 1.369713, Fail ( > 0.250000)
2021-07-22 15:33:45,992 
2021-07-22 15:33:45,993 Brightness error = 0.000000 cd/m^2 (is 239.831382, should be 239.831382)
2021-07-22 15:33:45,993 White point error = 0.000000 deltaE
2021-07-22 15:33:45,993 Maximum neutral error (@ 0.138232) = 0.833406 deltaE
2021-07-22 15:33:45,993 Average neutral error = 0.298852 deltaE
2021-07-22 15:33:45,994 Failed to meet target 0.900000 delta E, got worst case 9.344306
2021-07-22 15:33:45,996 Number of measurements taken = 58
2021-07-22 15:33:45,996 Computing update to calibration curves...
2021-07-22 15:33:46,029 The instrument can be removed from the screen.
2021-07-22 15:33:46,427 Written calibration file 'U2721DE #1 2021-07-22 15-21 2.2 F-S XYZLUT+MTX.cal'
2021-07-22 15:33:46,428 DisplayCAL: Reached EOF (OK)
2021-07-22 15:33:46,530 dispcal exitcode: 0
2021-07-22 15:33:46,586 --------------------------------------------------------------------------------
2021-07-22 15:33:46,587 Working directory:
2021-07-22 15:33:46,587   /
2021-07-22 15:33:46,587    tmp/
2021-07-22 15:33:46,587     DisplayCAL-bhlw5Q/
2021-07-22 15:33:46,588 
2021-07-22 15:33:46,588 Command line:
2021-07-22 15:33:46,588   /usr/bin/dispread
2021-07-22 15:33:46,588     -v
2021-07-22 15:33:46,589     -d1
2021-07-22 15:33:46,589     -c1
2021-07-22 15:33:46,589     -yn
2021-07-22 15:33:46,589     -P0.438588450962,0.901129943503,1.0
2021-07-22 15:33:46,590     -k
2021-07-22 15:33:46,590     'U2721DE #1 2021-07-22 15-21 2.2 F-S XYZLUT+MTX.cal'
2021-07-22 15:33:46,590     'U2721DE #1 2021-07-22 15-21 2.2 F-S XYZLUT+MTX'
2021-07-22 15:33:46,590 
2021-07-22 15:33:46,596 DisplayCAL: Starting interaction with subprocess
2021-07-22 15:33:50,215 Number of patches = 175
2021-07-22 15:33:50,216 Setting up the instrument
2021-07-22 15:33:51,074 Product Name:      Colormunki Display
2021-07-22 15:33:51,076 Serial Number:     CM-16.A-02.174532.01
2021-07-22 15:33:51,076 Firmware Version:  v1.03
2021-07-22 15:33:51,077 Firmware Date:     05Jun12
2021-07-22 15:33:51,078 dispread: Warning - new_dispwin: Expected VideoLUT depth 8 doesn't match actual 10
2021-07-22 15:33:51,312 Place instrument on test window.
2021-07-22 15:33:51,314 DisplayCAL: Waiting for send buffer
2021-07-22 15:33:51,314 DisplayCAL: Detected instrument placement (screen/spot) message
2021-07-22 15:33:52,815 DisplayCAL: Skipping place instrument on screen message...
2021-07-22 15:33:52,816 DisplayCAL: Sending buffer: ' '
2021-07-22 15:33:52,867 Hit Esc or Q to give up, any other key to continue:
2021-07-22 15:40:23,711 Patch 175 of 175
2021-07-22 15:40:23,712 The instrument can be removed from the screen.
2021-07-22 15:40:24,204 Written 'U2721DE #1 2021-07-22 15-21 2.2 F-S XYZLUT+MTX.ti3'
2021-07-22 15:40:24,204 DisplayCAL: Reached EOF (OK)
2021-07-22 15:40:24,305 dispread exitcode: 0
2021-07-22 15:40:24,459 Preparing ChromaticityType tag from TI3 colorants
2021-07-22 15:40:24,464 Storing settings in TI3
2021-07-22 15:40:24,469 Fudged sample ID 8 (RGB 75.0 0.0 0.0) XYZ_Z to be non-zero
2021-07-22 15:40:24,470 Fudged sample ID 9 (RGB 100.0 0.0 0.0) XYZ_Z to be non-zero
2021-07-22 15:40:24,502 Extracting neutrals from /tmp/DisplayCAL-bhlw5Q/U2721DE #1 2021-07-22 15-21 2.2 F-S XYZLUT+MTX.ti3
2021-07-22 15:40:24,524 Applying 0% black point correction to TI3
2021-07-22 15:40:24,615 Extracting neutrals from /tmp/DisplayCAL-bhlw5Q/U2721DE #1 2021-07-22 15-21 2.2 F-S XYZLUT+MTX.ti3
2021-07-22 15:40:24,641 R=G=B (>= 1% luminance) dE*00 avg 0.337706077076 peak 1.12422688117
2021-07-22 15:40:24,641 Got high quality calibration, using single device to PCS shaper curve for cLUT
2021-07-22 15:40:25,193 Black relative luminance = 0.001009
2021-07-22 15:40:25,193 Black output offset = 1.00
2021-07-22 15:40:25,193 Calibration gamma = 2.20 relative
2021-07-22 15:40:25,194 Calibration overall transfer function ≈ Gamma 2.21 100% (Δ 0.00%)
2021-07-22 15:40:25,194 Calibration effective gamma = 2.20
2021-07-22 15:40:25,491 Transfer function R ≈ Gamma 2.20 100% (Δ 1.29%)
2021-07-22 15:40:25,491 Effective gamma = 2.20
2021-07-22 15:40:25,491 Got good match (+-2%)
2021-07-22 15:40:25,491 Using calibration transfer function
2021-07-22 15:40:25,791 Transfer function G ≈ Gamma 2.20 100% (Δ 1.29%)
2021-07-22 15:40:25,792 Effective gamma = 2.20
2021-07-22 15:40:25,792 Got good match (+-2%)
2021-07-22 15:40:25,792 Using calibration transfer function
2021-07-22 15:40:26,091 Transfer function B ≈ Gamma 2.20 100% (Δ 1.29%)
2021-07-22 15:40:26,091 Effective gamma = 2.20
2021-07-22 15:40:26,091 Got good match (+-2%)
2021-07-22 15:40:26,091 Using calibration transfer function
2021-07-22 15:40:26,452 Using transfer function for R: Gamma 2.21 100%
2021-07-22 15:40:26,452 Effective gamma = 2.20
2021-07-22 15:40:26,815 Using transfer function for G: Gamma 2.21 100%
2021-07-22 15:40:26,816 Effective gamma = 2.20
2021-07-22 15:40:27,174 Using transfer function for B: Gamma 2.21 100%
2021-07-22 15:40:27,175 Effective gamma = 2.20
2021-07-22 15:40:27,186 Initial cLUT resolution 5x5x5
2021-07-22 15:40:27,187 cLUT input curve segments: 5
2021-07-22 15:40:27,213 #1 X prev 0.045339 next 0.209084 clip False
2021-07-22 15:40:27,238 #2 X prev 0.209084 next 0.511265 clip False
2021-07-22 15:40:27,267 #3 X prev 0.511265 next 0.964200 clip False
2021-07-22 15:40:27,353 #1 Y prev 0.047023 next 0.216847 clip False
2021-07-22 15:40:27,377 #2 Y prev 0.216847 next 0.530247 clip False
2021-07-22 15:40:27,405 #3 Y prev 0.530247 next 1.000000 clip False
2021-07-22 15:40:27,488 #1 Z prev 0.038789 next 0.178877 clip False
2021-07-22 15:40:27,511 #2 Z prev 0.178877 next 0.437401 clip False
2021-07-22 15:40:27,537 #3 Z prev 0.437401 next 0.824900 clip False
2021-07-22 15:40:28,158 cLUT input curve segments: 33
2021-07-22 15:40:28,164 #1 X prev 0.000462 next 0.002132 clip False
2021-07-22 15:40:28,168 #2 X prev 0.002132 next 0.005213 clip False
2021-07-22 15:40:28,172 #3 X prev 0.005213 next 0.009832 clip False
2021-07-22 15:40:28,176 #4 X prev 0.009832 next 0.016082 clip False
2021-07-22 15:40:28,180 #5 X prev 0.016082 next 0.024041 clip False
2021-07-22 15:40:28,184 #6 X prev 0.024041 next 0.033774 clip False
2021-07-22 15:40:28,188 #7 X prev 0.033774 next 0.045339 clip False
2021-07-22 15:40:28,192 #8 X prev 0.045339 next 0.058786 clip False
2021-07-22 15:40:28,196 #9 X prev 0.058786 next 0.074162 clip False
2021-07-22 15:40:28,200 #10 X prev 0.074162 next 0.091509 clip False
2021-07-22 15:40:28,204 #11 X prev 0.091509 next 0.110866 clip False
2021-07-22 15:40:28,208 #12 X prev 0.110866 next 0.132269 clip False
2021-07-22 15:40:28,212 #13 X prev 0.132269 next 0.155752 clip False
2021-07-22 15:40:28,216 #14 X prev 0.155752 next 0.181347 clip False
2021-07-22 15:40:28,219 #15 X prev 0.181347 next 0.209084 clip False
2021-07-22 15:40:28,224 #16 X prev 0.209084 next 0.238991 clip False
2021-07-22 15:40:28,228 #17 X prev 0.238991 next 0.271097 clip False
2021-07-22 15:40:28,232 #18 X prev 0.271097 next 0.305426 clip False
2021-07-22 15:40:28,236 #19 X prev 0.305426 next 0.342004 clip False
2021-07-22 15:40:28,240 #20 X prev 0.342004 next 0.380854 clip False
2021-07-22 15:40:28,244 #21 X prev 0.380854 next 0.422000 clip False
2021-07-22 15:40:28,249 #22 X prev 0.422000 next 0.465463 clip False
2021-07-22 15:40:28,252 #23 X prev 0.465463 next 0.511265 clip False
2021-07-22 15:40:28,256 #24 X prev 0.511265 next 0.559425 clip False
2021-07-22 15:40:28,260 #25 X prev 0.559425 next 0.609965 clip False
2021-07-22 15:40:28,264 #26 X prev 0.609965 next 0.662903 clip False
2021-07-22 15:40:28,268 #27 X prev 0.662903 next 0.718258 clip False
2021-07-22 15:40:28,272 #28 X prev 0.718258 next 0.776047 clip False
2021-07-22 15:40:28,276 #29 X prev 0.776047 next 0.836290 clip False
2021-07-22 15:40:28,280 #30 X prev 0.836290 next 0.899002 clip False
2021-07-22 15:40:28,284 #31 X prev 0.899002 next 0.964200 clip False
2021-07-22 15:40:28,330 #1 Y prev 0.000479 next 0.002211 clip False
2021-07-22 15:40:28,334 #2 Y prev 0.002211 next 0.005407 clip False
2021-07-22 15:40:28,338 #3 Y prev 0.005407 next 0.010197 clip False
2021-07-22 15:40:28,342 #4 Y prev 0.010197 next 0.016679 clip False
2021-07-22 15:40:28,346 #5 Y prev 0.016679 next 0.024934 clip False
2021-07-22 15:40:28,350 #6 Y prev 0.024934 next 0.035028 clip False
2021-07-22 15:40:28,354 #7 Y prev 0.035028 next 0.047023 clip False
2021-07-22 15:40:28,358 #8 Y prev 0.047023 next 0.060969 clip False
2021-07-22 15:40:28,362 #9 Y prev 0.060969 next 0.076916 clip False
2021-07-22 15:40:28,365 #10 Y prev 0.076916 next 0.094907 clip False
2021-07-22 15:40:28,369 #11 Y prev 0.094907 next 0.114982 clip False
2021-07-22 15:40:28,374 #12 Y prev 0.114982 next 0.137180 clip False
2021-07-22 15:40:28,378 #13 Y prev 0.137180 next 0.161535 clip False
2021-07-22 15:40:28,382 #14 Y prev 0.161535 next 0.188080 clip False
2021-07-22 15:40:28,385 #15 Y prev 0.188080 next 0.216847 clip False
2021-07-22 15:40:28,389 #16 Y prev 0.216847 next 0.247865 clip False
2021-07-22 15:40:28,393 #17 Y prev 0.247865 next 0.281162 clip False
2021-07-22 15:40:28,397 #18 Y prev 0.281162 next 0.316766 clip False
2021-07-22 15:40:28,401 #19 Y prev 0.316766 next 0.354702 clip False
2021-07-22 15:40:28,405 #20 Y prev 0.354702 next 0.394995 clip False
2021-07-22 15:40:28,409 #21 Y prev 0.394995 next 0.437668 clip False
2021-07-22 15:40:28,414 #22 Y prev 0.437668 next 0.482745 clip False
2021-07-22 15:40:28,418 #23 Y prev 0.482745 next 0.530247 clip False
2021-07-22 15:40:28,422 #24 Y prev 0.530247 next 0.580196 clip False
2021-07-22 15:40:28,426 #25 Y prev 0.580196 next 0.632612 clip False
2021-07-22 15:40:28,430 #26 Y prev 0.632612 next 0.687516 clip False
2021-07-22 15:40:28,434 #27 Y prev 0.687516 next 0.744926 clip False
2021-07-22 15:40:28,438 #28 Y prev 0.744926 next 0.804861 clip False
2021-07-22 15:40:28,442 #29 Y prev 0.804861 next 0.867340 clip False
2021-07-22 15:40:28,446 #30 Y prev 0.867340 next 0.932381 clip False
2021-07-22 15:40:28,450 #31 Y prev 0.932381 next 1.000000 clip False
2021-07-22 15:40:28,488 #1 Z prev 0.000396 next 0.001824 clip False
2021-07-22 15:40:28,492 #2 Z prev 0.001824 next 0.004460 clip False
2021-07-22 15:40:28,495 #3 Z prev 0.004460 next 0.008411 clip False
2021-07-22 15:40:28,499 #4 Z prev 0.008411 next 0.013758 clip False
2021-07-22 15:40:28,503 #5 Z prev 0.013758 next 0.020568 clip False
2021-07-22 15:40:28,507 #6 Z prev 0.020568 next 0.028895 clip False
2021-07-22 15:40:28,511 #7 Z prev 0.028895 next 0.038789 clip False
2021-07-22 15:40:28,515 #8 Z prev 0.038789 next 0.050293 clip False
2021-07-22 15:40:28,519 #9 Z prev 0.050293 next 0.063448 clip False
2021-07-22 15:40:28,523 #10 Z prev 0.063448 next 0.078289 clip False
2021-07-22 15:40:28,527 #11 Z prev 0.078289 next 0.094849 clip False
2021-07-22 15:40:28,531 #12 Z prev 0.094849 next 0.113160 clip False
2021-07-22 15:40:28,535 #13 Z prev 0.113160 next 0.133250 clip False
2021-07-22 15:40:28,539 #14 Z prev 0.133250 next 0.155147 clip False
2021-07-22 15:40:28,544 #15 Z prev 0.155147 next 0.178877 clip False
2021-07-22 15:40:28,550 #16 Z prev 0.178877 next 0.204464 clip False
2021-07-22 15:40:28,555 #17 Z prev 0.204464 next 0.231931 clip False
2021-07-22 15:40:28,561 #18 Z prev 0.231931 next 0.261300 clip False
2021-07-22 15:40:28,566 #19 Z prev 0.261300 next 0.292594 clip False
2021-07-22 15:40:28,571 #20 Z prev 0.292594 next 0.325831 clip False
2021-07-22 15:40:28,576 #21 Z prev 0.325831 next 0.361033 clip False
2021-07-22 15:40:28,582 #22 Z prev 0.361033 next 0.398217 clip False
2021-07-22 15:40:28,587 #23 Z prev 0.398217 next 0.437401 clip False
2021-07-22 15:40:28,592 #24 Z prev 0.437401 next 0.478604 clip False
2021-07-22 15:40:28,598 #25 Z prev 0.478604 next 0.521842 clip False
2021-07-22 15:40:28,603 #26 Z prev 0.521842 next 0.567132 clip False
2021-07-22 15:40:28,608 #27 Z prev 0.567132 next 0.614489 clip False
2021-07-22 15:40:28,614 #28 Z prev 0.614489 next 0.663930 clip False
2021-07-22 15:40:28,619 #29 Z prev 0.663930 next 0.715469 clip False
2021-07-22 15:40:28,625 #30 Z prev 0.715469 next 0.769121 clip False
2021-07-22 15:40:28,630 #31 Z prev 0.769121 next 0.824900 clip False
2021-07-22 15:40:28,783 Final interpolated cLUT resolution 33x33x33
2021-07-22 15:40:28,790 --------------------------------------------------------------------------------
2021-07-22 15:40:28,790 Creating matrix from primaries
2021-07-22 15:40:28,790 Using chromatic adaptation transform matrix: Bradford
2021-07-22 15:40:28,866 Generating A2B1 by copying A2B0
2021-07-22 15:40:28,900 Making distinct A2B0
2021-07-22 15:40:28,923 Applying black point compensation to A2B0: L*a*b* 0.000000 0.000000 0.000000
2021-07-22 15:40:30,368 --------------------------------------------------------------------------------
2021-07-22 15:40:30,369 Generating B2A1 table by inverting A2B1 table
2021-07-22 15:40:30,369 
2021-07-22 15:40:30,369 Using chromatic adaptation transform matrix: Bradford
2021-07-22 15:40:30,389 Black XYZ: 0.0010 0.0010 0.0008
2021-07-22 15:40:30,390 White XYZ: 0.9642 1.0000 0.8249
2021-07-22 15:40:30,390 R XYZ: 0.4511 0.2179 0.0000
2021-07-22 15:40:30,390 G XYZ: 0.3712 0.7092 0.0742
2021-07-22 15:40:30,390 B XYZ: 0.1394 0.0697 0.7535
2021-07-22 15:40:30,391 Generating input curve PCS values...
2021-07-22 15:40:30,574 Looking up input curve RGB values...
2021-07-22 15:40:30,575 Setting up matrix
2021-07-22 15:40:30,575 Increasing saturation of actual primaries for PCS candidate to 103%...
2021-07-22 15:40:30,576 R xy 0.674345 0.325655 -> 0.684205 0.324668
2021-07-22 15:40:30,576 G xy 0.321466 0.614230 -> 0.320739 0.621901
2021-07-22 15:40:30,576 B xy 0.144809 0.072436 -> 0.138782 0.063853
2021-07-22 15:40:30,577 Checking for suitable PCS candidate...
2021-07-22 15:40:30,577 Skipping PCS candidate based on actual primaries because it does not encompass Rec. 709 blue
2021-07-22 15:40:30,578 Rec709-encompassing, variant 1 fit: 0.96 (area: 88.10%)
2021-07-22 15:40:30,578 Rec709-encompassing, variant 2 fit: 0.84 (area: 90.45%)
2021-07-22 15:40:30,578 Rec709-encompassing, variant 3 fit: 0.93 (area: 87.50%)
2021-07-22 15:40:30,579 Rec709-encompassing, variant 4 fit: 0.84 (area: 89.22%)
2021-07-22 15:40:30,579 SMPTE-431-2/DCI-P3-encompassing, variant 1 fit: 1.03 (area: 73.94%)
2021-07-22 15:40:30,579 Using primaries: SMPTE-431-2/DCI-P3-encompassing, variant 1
2021-07-22 15:40:30,580 Using R XYZ: 0.5489 0.2444 -0.0012
2021-07-22 15:40:30,580 Using G XYZ: 0.2881 0.7092 0.0156
2021-07-22 15:40:30,580 Using B XYZ: 0.1272 0.0464 0.8105
2021-07-22 15:40:30,581 R+G+B XYZ: 0.9642 1.0000 0.8249
2021-07-22 15:40:30,581 Correction factors: 1.0000 1.0000 1.0000
2021-07-22 15:40:30,581 Matrix 1:
2021-07-22 15:40:30,581 [2.2198859741624184, -0.8953627177836478, -0.297067933693485]
2021-07-22 15:40:30,581 [-0.7663035271756803, 1.7209534070307546, 0.021719546456584367]
2021-07-22 15:40:30,582 [0.018015950217344243, -0.03437729645356804, 1.2328843705346162]
2021-07-22 15:40:30,582 Matrix 2:
2021-07-22 15:40:30,582 [2.21986527977595, -0.895354370966592, -0.29706516434465413]
2021-07-22 15:40:30,582 [-0.7663053824844512, 1.7209575736564287, 0.021719599042098595]
2021-07-22 15:40:30,582 [0.018016168291422188, -0.034377712573569245, 1.2328992939840635]
2021-07-22 15:40:30,582 Matrix 3:
2021-07-22 15:40:30,583 [1.999969482421875, 0, 0]
2021-07-22 15:40:30,583 [0, 1.999969482421875, 0]
2021-07-22 15:40:30,583 [0, 0, 1.999969482421875]
2021-07-22 15:40:30,583 Final matrix:
2021-07-22 15:40:30,583 [4.439662814639798, -1.7906814178862185, -0.5941212629799472]
2021-07-22 15:40:30,583 [-1.5325873791845248, 3.4418626278556532, 0.043438535254636576]
2021-07-22 15:40:30,584 [0.036031786773021025, -0.06875437602260927, 2.4657609628676025]
2021-07-22 15:40:30,584 Applying matrix to input curve XYZ values...
2021-07-22 15:40:30,593 Generating input curves...
2021-07-22 15:40:33,550 100%
2021-07-22 15:40:33,551 Generating A2B1 table lookup input values...
2021-07-22 15:40:33,551 cLUT grid res: 33
2021-07-22 15:40:33,551 Looking up input values through A2B1 table (9 workers)...
2021-07-22 15:40:33,551 Using CAM Jab for clipping
2021-07-22 15:40:50,929 100%
2021-07-22 15:40:50,930 Input black XYZ: 0.000977 0.001007 0.000824
2021-07-22 15:40:50,930 Input white XYZ: 0.964203 1.000000 0.824890
2021-07-22 15:40:50,987 Output black RGB: 0.0000 0.0000 0.0000
2021-07-22 15:40:50,987 Output white RGB: 100.0000 100.0000 100.0000
2021-07-22 15:40:51,045 Filling cLUT...
2021-07-22 15:40:51,109 100%
2021-07-22 15:40:51,223 Generating output curves...
2021-07-22 15:40:51,423 Setting curve entry #0 (0.000000 0.000000 0.000000) to black because it got clipped
2021-07-22 15:40:51,423 Setting curve entry #1 (0.000000 0.000000 0.000000) to black because it got clipped
2021-07-22 15:40:51,424 Setting curve entry #4095 (1.000000 1.000000 1.000000) to white because it got clipped
2021-07-22 15:40:51,461 Smoothing B2A1...
2021-07-22 15:40:52,918 Generating B2A0 table by inverting A2B0 table
2021-07-22 15:40:52,918 
2021-07-22 15:40:52,918 Using chromatic adaptation transform matrix: Bradford
2021-07-22 15:40:52,943 Black XYZ: 0.0000 0.0000 0.0000
2021-07-22 15:40:52,944 White XYZ: 0.9642 1.0000 0.8249
2021-07-22 15:40:52,944 R XYZ: 0.4502 0.2174 0.0008
2021-07-22 15:40:52,944 G XYZ: 0.3704 0.7078 0.0741
2021-07-22 15:40:52,944 B XYZ: 0.1391 0.0696 0.7520
2021-07-22 15:40:52,945 Generating input curve PCS values...
2021-07-22 15:40:53,037 Looking up input curve RGB values...
2021-07-22 15:40:53,058 R+G+B XYZ: 0.9661 1.0020 0.8266
2021-07-22 15:40:53,059 Correction factors: 0.9980 0.9980 0.9980
2021-07-22 15:40:53,059 Matrix 1:
2021-07-22 15:40:53,059 [2.220622608542997, -0.8970530007574756, -0.2983279992981735]
2021-07-22 15:40:53,059 [-0.7685583981255989, 1.7218964354637738, 0.020778129488757725]
2021-07-22 15:40:53,060 [0.016553823466395026, -0.035208395899793264, 1.2331788089069509]
2021-07-22 15:40:53,060 Matrix 2:
2021-07-22 15:40:53,060 [2.2250952977762206, -0.8988598090294816, -0.29892887962124]
2021-07-22 15:40:53,060 [-0.7701063977087677, 1.725364610388228, 0.020819979966048795]
2021-07-22 15:40:53,061 [0.016587165515468107, -0.035279311242478795, 1.2356626283366994]
2021-07-22 15:40:53,061 Matrix 3:
2021-07-22 15:40:53,061 [1.999969482421875, 0, 0]
2021-07-22 15:40:53,061 [0, 1.999969482421875, 0]
2021-07-22 15:40:53,062 [0, 0, 1.999969482421875]
2021-07-22 15:40:53,062 Final matrix:
2021-07-22 15:40:53,062 [4.450122691032856, -1.7976921870345177, -0.5978486366570424]
2021-07-22 15:40:53,062 [-1.5401892936353787, 3.4506765668271644, 0.041639324556732416]
2021-07-22 15:40:53,063 [0.033173824830816726, -0.07055754584582055, 2.471287547242602]
2021-07-22 15:40:53,063 Applying matrix to input curve XYZ values...
2021-07-22 15:40:53,074 Generating input curves...
2021-07-22 15:40:56,110 100%
2021-07-22 15:40:56,114 --------------------------------------------------------------------------------
2021-07-22 15:40:56,114 Creating shaper tags in separate step
2021-07-22 15:40:56,114 Using chromatic adaptation transform matrix: Bradford
2021-07-22 15:40:56,131 Extracting neutrals from /tmp/DisplayCAL-bhlw5Q/U2721DE #1 2021-07-22 15-21 2.2 F-S XYZLUT+MTX.ti3
2021-07-22 15:40:56,144 NUMBER_OF_FIELDS 7
2021-07-22 15:40:56,144 BEGIN_DATA_FORMAT
2021-07-22 15:40:56,144 SAMPLE_ID RGB_R RGB_G RGB_B XYZ_X XYZ_Y XYZ_Z
2021-07-22 15:40:56,144 END_DATA_FORMAT
2021-07-22 15:40:56,144 
2021-07-22 15:40:56,144 NUMBER_OF_SETS 52
2021-07-22 15:40:56,144 BEGIN_DATA
2021-07-22 15:40:56,144 1 0.0000000 0.0000000 0.0000000 0.0961773 0.1008617 0.1132745
2021-07-22 15:40:56,144 2 1.9608000 1.9608000 1.9608000 0.1076333 0.1131177 0.1278148
2021-07-22 15:40:56,144 3 3.9216000 3.9216000 3.9216000 0.1543145 0.1625856 0.1877550
2021-07-22 15:40:56,144 4 5.8824000 5.8824000 5.8824000 0.2553662 0.2689094 0.3153477
2021-07-22 15:40:56,144 5 7.8431000 7.8431000 7.8431000 0.4142752 0.4368382 0.5119434
2021-07-22 15:40:56,144 6 9.8039000 9.8039000 9.8039000 0.6321514 0.6686978 0.7753038
2021-07-22 15:40:56,144 7 11.765000 11.765000 11.765000 0.9171451 0.9711733 1.1232480
2021-07-22 15:40:56,144 8 13.726000 13.726000 13.726000 1.2569102 1.3331868 1.5119267
2021-07-22 15:40:56,144 9 15.686000 15.686000 15.686000 1.6688822 1.7622621 1.9998106
2021-07-22 15:40:56,144 10 17.647000 17.647000 17.647000 2.1557926 2.2678193 2.5733352
2021-07-22 15:40:56,144 11 19.608000 19.608000 19.608000 2.6854431 2.8201544 3.1942779
2021-07-22 15:40:56,144 12 21.569000 21.569000 21.569000 3.2685530 3.4378265 3.8805311
2021-07-22 15:40:56,144 13 23.529000 23.529000 23.529000 3.9196003 4.1135804 4.6586304
2021-07-22 15:40:56,144 14 25.490000 25.490000 25.490000 4.6730772 4.8960762 5.5769089
2021-07-22 15:40:56,144 15 27.451000 27.451000 27.451000 5.4590940 5.7258419 6.4911890
2021-07-22 15:40:56,144 16 29.412000 29.412000 29.412000 6.3155467 6.6347595 7.5244656
2021-07-22 15:40:56,144 17 31.373000 31.373000 31.373000 7.3064221 7.6665518 8.6878648
2021-07-22 15:40:56,144 18 33.333000 33.333000 33.333000 8.3610425 8.7858261 9.9290859
2021-07-22 15:40:56,144 19 35.294000 35.294000 35.294000 9.5315996 9.9930842 11.254899
2021-07-22 15:40:56,144 20 37.255000 37.255000 37.255000 10.713033 11.249119 12.669467
2021-07-22 15:40:56,144 21 39.216000 39.216000 39.216000 12.027251 12.642087 14.285934
2021-07-22 15:40:56,144 22 41.176000 41.176000 41.176000 13.511888 14.197145 15.946742
2021-07-22 15:40:56,145 23 43.137000 43.137000 43.137000 15.044946 15.783902 17.772859
2021-07-22 15:40:56,145 24 45.098000 45.098000 45.098000 16.619694 17.462600 19.600426
2021-07-22 15:40:56,145 25 47.059000 47.059000 47.059000 18.275181 19.185977 21.578953
2021-07-22 15:40:56,145 26 49.020000 49.020000 49.020000 19.979768 20.953084 23.557460
2021-07-22 15:40:56,145 27 50.980000 50.980000 50.980000 21.755765 22.843241 25.613416
2021-07-22 15:40:56,145 28 52.941000 52.941000 52.941000 23.612493 24.778098 27.820333
2021-07-22 15:40:56,145 29 54.902000 54.902000 54.902000 25.467310 26.743105 29.952230
2021-07-22 15:40:56,145 30 56.863000 56.863000 56.863000 27.416757 28.783452 32.235586
2021-07-22 15:40:56,145 31 58.824000 58.824000 58.824000 29.518343 30.991548 34.747362
2021-07-22 15:40:56,145 32 60.784000 60.784000 60.784000 31.696830 33.304655 37.260068
2021-07-22 15:40:56,145 33 62.745000 62.745000 62.745000 33.985756 35.693581 39.999734
2021-07-22 15:40:56,145 34 64.706000 64.706000 64.706000 36.272783 38.112667 42.664380
2021-07-22 15:40:56,145 35 66.667000 66.667000 66.667000 38.698039 40.668853 45.556955
2021-07-22 15:40:56,145 36 68.627000 68.627000 68.627000 41.275435 43.392799 48.677940
2021-07-22 15:40:56,145 37 70.588000 70.588000 70.588000 43.921331 46.173045 51.722885
2021-07-22 15:40:56,145 38 72.549000 72.549000 72.549000 46.640547 49.046200 54.920280
2021-07-22 15:40:56,145 39 74.510000 74.510000 74.510000 49.564832 52.070515 58.496085
2021-07-22 15:40:56,145 40 76.471000 76.471000 76.471000 52.429697 55.032561 61.919930
2021-07-22 15:40:56,145 41 78.431000 78.431000 78.431000 55.541323 58.237696 65.723624
2021-07-22 15:40:56,145 42 80.392000 80.392000 80.392000 58.820667 61.683490 69.529698
2021-07-22 15:40:56,145 43 82.353000 82.353000 82.353000 62.175242 65.192025 73.563241
2021-07-22 15:40:56,145 44 84.314000 84.314000 84.314000 65.638347 68.806549 77.748715
2021-07-22 15:40:56,145 45 86.275000 86.275000 86.275000 69.329491 72.596913 82.085088
2021-07-22 15:40:56,145 46 88.235000 88.235000 88.235000 72.847965 76.406427 85.970972
2021-07-22 15:40:56,145 47 90.196000 90.196000 90.196000 76.272810 80.237511 89.783866
2021-07-22 15:40:56,145 48 92.157000 92.157000 92.157000 79.908214 84.201695 93.898669
2021-07-22 15:40:56,145 49 94.118000 94.118000 94.118000 83.441729 87.842369 98.083123
2021-07-22 15:40:56,145 50 96.078000 96.078000 96.078000 87.257213 91.739193 102.64692
2021-07-22 15:40:56,145 51 98.039000 98.039000 98.039000 91.453886 96.076536 107.66851
2021-07-22 15:40:56,145 52 100.00000 100.00000 100.00000 95.355590 100.00000 112.30680
2021-07-22 15:40:56,145 END_DATA
2021-07-22 15:40:56,146 --------------------------------------------------------------------------------
2021-07-22 15:40:56,517 Black relative luminance = 0.001009
2021-07-22 15:40:56,517 Black output offset = 1.00
2021-07-22 15:40:56,518 Calibration gamma = 2.20 relative
2021-07-22 15:40:56,518 Calibration overall transfer function ≈ Gamma 2.21 100% (Δ 0.00%)
2021-07-22 15:40:56,518 Calibration effective gamma = 2.20
2021-07-22 15:40:56,563 Transfer function R ≈ Gamma 2.20 100% (Δ 1.27%)
2021-07-22 15:40:56,563 Effective gamma = 2.20
2021-07-22 15:40:56,563 Got good match (+-2%)
2021-07-22 15:40:56,563 Using calibration transfer function
2021-07-22 15:40:56,605 Transfer function G ≈ Gamma 2.20 100% (Δ 1.27%)
2021-07-22 15:40:56,605 Effective gamma = 2.20
2021-07-22 15:40:56,605 Got good match (+-2%)
2021-07-22 15:40:56,606 Using calibration transfer function
2021-07-22 15:40:56,649 Transfer function B ≈ Gamma 2.20 100% (Δ 1.27%)
2021-07-22 15:40:56,649 Effective gamma = 2.20
2021-07-22 15:40:56,649 Got good match (+-2%)
2021-07-22 15:40:56,649 Using calibration transfer function
2021-07-22 15:40:56,649 Using transfer function for R: Gamma 2.20
2021-07-22 15:40:56,650 Effective gamma = 2.19
2021-07-22 15:40:56,650 Using transfer function for G: Gamma 2.20
2021-07-22 15:40:56,650 Effective gamma = 2.19
2021-07-22 15:40:56,650 Using transfer function for B: Gamma 2.20
2021-07-22 15:40:56,650 Effective gamma = 2.19
2021-07-22 15:40:56,651 Adding rTRC from interpolation to U2721DE #1 2021-07-22 15-21 2.2 F-S XYZLUT+MTX
2021-07-22 15:40:56,651 Adding gTRC from interpolation to U2721DE #1 2021-07-22 15-21 2.2 F-S XYZLUT+MTX
2021-07-22 15:40:56,651 Adding bTRC from interpolation to U2721DE #1 2021-07-22 15-21 2.2 F-S XYZLUT+MTX
2021-07-22 15:40:56,980 --------------------------------------------------------------------------------
2021-07-22 15:40:56,981 Working directory:
2021-07-22 15:40:56,982   /
2021-07-22 15:40:56,982    tmp/
2021-07-22 15:40:56,982     DisplayCAL-bhlw5Q/
2021-07-22 15:40:56,982 
2021-07-22 15:40:56,982 Command line:
2021-07-22 15:40:56,982   /usr/bin/profcheck
2021-07-22 15:40:56,983     'U2721DE #1 2021-07-22 15-21 2.2 F-S XYZLUT+MTX.ti3'
2021-07-22 15:40:56,983     'U2721DE #1 2021-07-22 15-21 2.2 F-S XYZLUT+MTX.icc'
2021-07-22 15:40:56,983 
2021-07-22 15:40:56,990 Profile check complete, errors: max. = 2.272968, avg. = 0.139354, RMS = 0.300226
2021-07-22 15:40:56,991 profcheck exitcode: 0
2021-07-22 15:40:56,991 --------------------------------------------------------------------------------
2021-07-22 15:40:56,992 Generating gamut views...
2021-07-22 15:40:57,744 --------------------------------------------------------------------------------
2021-07-22 15:40:57,744 Working directory:
2021-07-22 15:40:57,744   /
2021-07-22 15:40:57,745    tmp/
2021-07-22 15:40:57,745     DisplayCAL-bhlw5Q/
2021-07-22 15:40:57,745 
2021-07-22 15:40:57,745 Command line:
2021-07-22 15:40:57,745   /usr/bin/iccgamut
2021-07-22 15:40:57,745     -v
2021-07-22 15:40:57,746     -w
2021-07-22 15:40:57,746     -ir
2021-07-22 15:40:57,746     -ff
2021-07-22 15:40:57,746     -on
2021-07-22 15:40:57,747     -d10.00
2021-07-22 15:40:57,747     'U2721DE #1 2021-07-22 15-21 2.2 F-S XYZLUT+MTX.icc'
2021-07-22 15:40:57,747 
2021-07-22 15:40:58,156 Header:
2021-07-22 15:40:58,156   size         = 942056 bytes
2021-07-22 15:40:58,156   CMM          = 'argl'
2021-07-22 15:40:58,156   Version      = 2.2.0
2021-07-22 15:40:58,156   Device Class = Display
2021-07-22 15:40:58,156   Color Space  = RGB
2021-07-22 15:40:58,156   Conn. Space  = XYZ
2021-07-22 15:40:58,156   Date, Time   = 22 Jul 2021, 15:40:24
2021-07-22 15:40:58,156   Platform     = *nix
2021-07-22 15:40:58,156   Flags        = Not Embedded Profile, Use anywhere
2021-07-22 15:40:58,156   Dev. Mnfctr. = 0x0
2021-07-22 15:40:58,156   Dev. Model   = 0x0
2021-07-22 15:40:58,157   Dev. Attrbts = Reflective, Glossy, Positive, Color
2021-07-22 15:40:58,157   Rndrng Intnt = Perceptual
2021-07-22 15:40:58,157   Illuminant   = 0.96420288, 1.00000000, 0.82490540    [Lab 100.000000, 0.000000, 0.000000]
2021-07-22 15:40:58,157   Creator      = 'DCAL'
2021-07-22 15:40:58,157 
2021-07-22 15:40:58,157 Total volume of gamut is 962712.098765 cubic colorspace units
2021-07-22 15:40:58,157 iccgamut exitcode: 0
2021-07-22 15:40:59,054 --------------------------------------------------------------------------------
2021-07-22 15:40:59,054 Command line:
2021-07-22 15:40:59,054   /usr/bin/viewgam
2021-07-22 15:40:59,054     -cw
2021-07-22 15:40:59,054     -t0
2021-07-22 15:40:59,054     -w
2021-07-22 15:40:59,055     /usr/share/DisplayCAL/ref/sRGB.gam
2021-07-22 15:40:59,055     -cn
2021-07-22 15:40:59,055     -t.3
2021-07-22 15:40:59,055     -s
2021-07-22 15:40:59,055     'U2721DE #1 2021-07-22 15-21 2.2 F-S XYZLUT+MTX.gam'
2021-07-22 15:40:59,055     -i
2021-07-22 15:40:59,056     'U2721DE #1 2021-07-22 15-21 2.2 F-S XYZLUT+MTX vs sRGB.wrl'
2021-07-22 15:40:59,056 
2021-07-22 15:40:59,056 Intersecting volume = 820657.0 cubic units
2021-07-22 15:40:59,056 '/usr/share/DisplayCAL/ref/sRGB.gam' volume = 833675.1 cubic units, intersect = 98.44%
2021-07-22 15:40:59,056 'U2721DE #1 2021-07-22 15-21 2.2 F-S XYZLUT+MTX.gam' volume = 962712.1 cubic units, intersect = 85.24%
2021-07-22 15:40:59,369 --------------------------------------------------------------------------------
2021-07-22 15:40:59,370 Command line:
2021-07-22 15:40:59,370   /usr/bin/viewgam
2021-07-22 15:40:59,370     -cw
2021-07-22 15:40:59,370     -t0
2021-07-22 15:40:59,371     -w
2021-07-22 15:40:59,371     /usr/share/DisplayCAL/ref/ClayRGB1998.gam
2021-07-22 15:40:59,371     -cn
2021-07-22 15:40:59,371     -t.3
2021-07-22 15:40:59,371     -s
2021-07-22 15:40:59,372     'U2721DE #1 2021-07-22 15-21 2.2 F-S XYZLUT+MTX.gam'
2021-07-22 15:40:59,372     -i
2021-07-22 15:40:59,372     'U2721DE #1 2021-07-22 15-21 2.2 F-S XYZLUT+MTX vs ClayRGB1998.wrl'
2021-07-22 15:40:59,372 
2021-07-22 15:40:59,373 Intersecting volume = 913789.4 cubic units
2021-07-22 15:40:59,373 '/usr/share/DisplayCAL/ref/ClayRGB1998.gam' volume = 1209985.9 cubic units, intersect = 75.52%
2021-07-22 15:40:59,373 'U2721DE #1 2021-07-22 15-21 2.2 F-S XYZLUT+MTX.gam' volume = 962712.1 cubic units, intersect = 94.92%
2021-07-22 15:40:59,373 --------------------------------------------------------------------------------
2021-07-22 15:40:59,373 Command line:
2021-07-22 15:40:59,374   /usr/bin/viewgam
2021-07-22 15:40:59,374     -cw
2021-07-22 15:40:59,374     -t0
2021-07-22 15:40:59,374     -w
2021-07-22 15:40:59,375     /usr/share/DisplayCAL/ref/SMPTE431_P3.gam
2021-07-22 15:40:59,375     -cn
2021-07-22 15:40:59,375     -t.3
2021-07-22 15:40:59,375     -s
2021-07-22 15:40:59,376     'U2721DE #1 2021-07-22 15-21 2.2 F-S XYZLUT+MTX.gam'
2021-07-22 15:40:59,376     -i
2021-07-22 15:40:59,376     'U2721DE #1 2021-07-22 15-21 2.2 F-S XYZLUT+MTX vs SMPTE431_P3.wrl'
2021-07-22 15:40:59,377 
2021-07-22 15:40:59,377 Intersecting volume = 956115.7 cubic units
2021-07-22 15:40:59,377 '/usr/share/DisplayCAL/ref/SMPTE431_P3.gam' volume = 1176953.5 cubic units, intersect = 81.24%
2021-07-22 15:40:59,377 'U2721DE #1 2021-07-22 15-21 2.2 F-S XYZLUT+MTX.gam' volume = 962712.1 cubic units, intersect = 99.31%
2021-07-22 15:40:59,525 --------------------------------------------------------------------------------
